Using pre-set license
Built from 'trunk' branch; Version is '6000.0.20f1 (05208a74e9aa) revision 336010'; Using compiler version '193933523'; Build Type 'Release'
OS: 'Windows 11  (10.0.22631) 64bit Professional' Language: 'ru' Physical Memory: 65386 MB
BatchMode: 1, IsHumanControllingUs: 0, StartBugReporterOnCrash: 0, Is64bit: 1, IsPro: 1

COMMAND LINE ARGUMENTS:
C:\Program Files\Unity\Hub\Editor\6000.0.20f1\Editor\Unity.exe
-adb2
-batchMode
-noUpm
-name
AssetImportWorker8
-projectPath
P:/gameDev/Underground/Underground/Underground
-logFile
Logs/AssetImportWorker8.log
-srvPort
10838
-job-worker-count
9
-background-job-worker-count
8
-asset-garbage-collectors
1
Successfully changed project path to: P:/gameDev/Underground/Underground/Underground
P:/gameDev/Underground/Underground/Underground
[UnityMemory] Configuration Parameters - Can be set up in boot.config
    "memorysetup-bucket-allocator-granularity=16"
    "memorysetup-bucket-allocator-bucket-count=8"
    "memorysetup-bucket-allocator-block-size=33554432"
    "memorysetup-bucket-allocator-block-count=8"
    "memorysetup-main-allocator-block-size=16777216"
    "memorysetup-thread-allocator-block-size=16777216"
    "memorysetup-gfx-main-allocator-block-size=16777216"
    "memorysetup-gfx-thread-allocator-block-size=16777216"
    "memorysetup-cache-allocator-block-size=4194304"
    "memorysetup-typetree-allocator-block-size=2097152"
    "memorysetup-profiler-bucket-allocator-granularity=16"
    "memorysetup-profiler-bucket-allocator-bucket-count=8"
    "memorysetup-profiler-bucket-allocator-block-size=33554432"
    "memorysetup-profiler-bucket-allocator-block-count=8"
    "memorysetup-profiler-allocator-block-size=16777216"
    "memorysetup-profiler-editor-allocator-block-size=1048576"
    "memorysetup-temp-allocator-size-main=16777216"
    "memorysetup-job-temp-allocator-block-size=2097152"
    "memorysetup-job-temp-allocator-block-size-background=1048576"
    "memorysetup-job-temp-allocator-reduction-small-platforms=262144"
    "memorysetup-allocator-temp-initial-block-size-main=262144"
    "memorysetup-allocator-temp-initial-block-size-worker=262144"
    "memorysetup-temp-allocator-size-background-worker=32768"
    "memorysetup-temp-allocator-size-job-worker=262144"
    "memorysetup-temp-allocator-size-preload-manager=33554432"
    "memorysetup-temp-allocator-size-nav-mesh-worker=65536"
    "memorysetup-temp-allocator-size-audio-worker=65536"
    "memorysetup-temp-allocator-size-cloud-worker=32768"
    "memorysetup-temp-allocator-size-gi-baking-worker=262144"
    "memorysetup-temp-allocator-size-gi-baking-worker=262144"
    "memorysetup-temp-allocator-size-gi-baking-worker=262144"
    "memorysetup-temp-allocator-size-gi-baking-worker=262144"
    "memorysetup-temp-allocator-size-gi-baking-worker=262144"
    "memorysetup-temp-allocator-size-gfx=262144"
Player connection [62304]  Target information:

Player connection [62304]  * "[IP] 192.168.0.123 [Port] 0 [Flags] 2 [Guid] 32190595 [EditorId] 32190595 [Version] 1048832 [Id] WindowsEditor(7,Saymyname) [Debug] 1 [PackageName] WindowsEditor [ProjectName] Editor" 

Player connection [62304] Host joined multi-casting on [225.0.0.222:54997]...
Player connection [62304] Host joined alternative multi-casting on [225.0.0.222:34997]...
JobSystem: Creating JobQueue using job-worker-count value 9
[Physics::Module] Initialized fallback backend.
[Physics::Module] Id: 0xdecafbad
Library Redirect Path: Library/
[Physics::Module] Selected backend.
[Physics::Module] Name: PhysX
[Physics::Module] Id: 0xf2b8ea05
[Physics::Module] SDK Version: 4.1.2
[Physics::Module] Integration Version: 1.0.0
[Physics::Module] Threading Mode: Multi-Threaded
Refreshing native plugins compatible for Editor in 3.00 ms, found 9 plugins.
Preloading 1 native plugins for Editor in 1.47 ms.
Initialize engine version: 6000.0.20f1 (05208a74e9aa)
[Subsystems] Discovering subsystems at path C:/Program Files/Unity/Hub/Editor/6000.0.20f1/Editor/Data/Resources/UnitySubsystems
[Subsystems] Discovering subsystems at path P:/gameDev/Underground/Underground/Underground/Assets
GfxDevice: creating device client; kGfxThreadingModeNonThreaded
Direct3D:
    Version:  Direct3D 11.0 [level 11.1]
    Renderer: NVIDIA GeForce RTX 4080 (ID=0x2704)
    Vendor:   NVIDIA
    VRAM:     16050 MB
    Driver:   32.0.15.6109
Initialize mono
Mono path[0] = 'C:/Program Files/Unity/Hub/Editor/6000.0.20f1/Editor/Data/Managed'
Mono path[1] = 'C:/Program Files/Unity/Hub/Editor/6000.0.20f1/Editor/Data/MonoBleedingEdge/lib/mono/unityjit-win32'
Mono config path = 'C:/Program Files/Unity/Hub/Editor/6000.0.20f1/Editor/Data/MonoBleedingEdge/etc'
Using monoOptions --debugger-agent=transport=dt_socket,embedding=1,server=y,suspend=n,address=127.0.0.1:56440
Begin MonoManager ReloadAssembly
Registering precompiled unity dll's ...
Register platform support module: C:/Program Files/Unity/Hub/Editor/6000.0.20f1/Editor/Data/PlaybackEngines/WebGLSupport/UnityEditor.WebGL.Extensions.dll
Register platform support module: C:/Program Files/Unity/Hub/Editor/6000.0.20f1/Editor/Data/PlaybackEngines/WindowsStandaloneSupport/UnityEditor.WindowsStandalone.Extensions.dll
Registered in 0.002129 seconds.
- Loaded All Assemblies, in  0.269 seconds
Native extension for WindowsStandalone target not found
Native extension for WebGL target not found
Mono: successfully reloaded assembly
- Finished resetting the current domain, in  0.248 seconds
Domain Reload Profiling: 516ms
	BeginReloadAssembly (91ms)
		ExecutionOrderSort (0ms)
		DisableScriptedObjects (0ms)
		BackupInstance (0ms)
		ReleaseScriptingObjects (0ms)
		CreateAndSetChildDomain (0ms)
	RebuildCommonClasses (24ms)
	RebuildNativeTypeToScriptingClass (9ms)
	initialDomainReloadingComplete (34ms)
	LoadAllAssembliesAndSetupDomain (109ms)
		LoadAssemblies (89ms)
		RebuildTransferFunctionScriptingTraits (0ms)
		AnalyzeDomain (107ms)
			TypeCache.Refresh (106ms)
				TypeCache.ScanAssembly (97ms)
			BuildScriptInfoCaches (0ms)
			ResolveRequiredComponents (0ms)
	FinalizeReload (249ms)
		ReleaseScriptCaches (0ms)
		RebuildScriptCaches (0ms)
		SetupLoadedEditorAssemblies (204ms)
			LogAssemblyErrors (0ms)
			InitializePlatformSupportModulesInManaged (19ms)
			SetLoadedEditorAssemblies (3ms)
			BeforeProcessingInitializeOnLoad (4ms)
			ProcessInitializeOnLoadAttributes (125ms)
			ProcessInitializeOnLoadMethodAttributes (51ms)
			AfterProcessingInitializeOnLoad (2ms)
			EditorAssembliesLoaded (0ms)
		ExecutionOrderSort2 (0ms)
		AwakeInstancesAfterBackupRestoration (0ms)
Assembly reference Packages/com.unity.entities/Unity.Scenes.Editor/Internals/Properties/Unity.Properties.Internals.asmref has no target assembly definition
========================================================================
Worker process is ready to serve import requests
Import Worker Mode flag is 0x00
Assembly reference Packages/com.unity.entities/Unity.Scenes.Editor/Internals/Properties/Unity.Properties.Internals.asmref has no target assembly definition
Assembly reference Packages/com.unity.entities/Unity.Scenes.Editor/Internals/Properties/Unity.Properties.Internals.asmref has no target assembly definition
Begin MonoManager ReloadAssembly
Symbol file LoadedFromMemory is not a mono symbol file
- Loaded All Assemblies, in  1.047 seconds
Assembly reference Packages/com.unity.entities/Unity.Scenes.Editor/Internals/Properties/Unity.Properties.Internals.asmref has no target assembly definition
Refreshing native plugins compatible for Editor in 2.41 ms, found 9 plugins.
Native extension for WindowsStandalone target not found
Native extension for WebGL target not found
Assembly reference Packages/com.unity.entities/Unity.Scenes.Editor/Internals/Properties/Unity.Properties.Internals.asmref has no target assembly definition
TypeManager.Initialize took: 260ms
Launched and connected shader compiler UnityShaderCompiler.exe after 0.01 seconds
[MODES] ModeService[none].Initialize
[MODES] ModeService[none].LoadModes
[MODES] Loading mode Default (0) for mode-current-id-Underground
Mono: successfully reloaded assembly
- Finished resetting the current domain, in  1.771 seconds
Domain Reload Profiling: 2815ms
	BeginReloadAssembly (289ms)
		ExecutionOrderSort (0ms)
		DisableScriptedObjects (4ms)
		BackupInstance (0ms)
		ReleaseScriptingObjects (0ms)
		CreateAndSetChildDomain (22ms)
	RebuildCommonClasses (26ms)
	RebuildNativeTypeToScriptingClass (9ms)
	initialDomainReloadingComplete (54ms)
	LoadAllAssembliesAndSetupDomain (666ms)
		LoadAssemblies (349ms)
		RebuildTransferFunctionScriptingTraits (0ms)
		AnalyzeDomain (389ms)
			TypeCache.Refresh (287ms)
				TypeCache.ScanAssembly (269ms)
			BuildScriptInfoCaches (87ms)
			ResolveRequiredComponents (11ms)
	FinalizeReload (1772ms)
		ReleaseScriptCaches (0ms)
		RebuildScriptCaches (0ms)
		SetupLoadedEditorAssemblies (1607ms)
			LogAssemblyErrors (0ms)
			InitializePlatformSupportModulesInManaged (2ms)
			SetLoadedEditorAssemblies (4ms)
			BeforeProcessingInitializeOnLoad (74ms)
			ProcessInitializeOnLoadAttributes (1118ms)
			ProcessInitializeOnLoadMethodAttributes (403ms)
			AfterProcessingInitializeOnLoad (5ms)
			EditorAssembliesLoaded (0ms)
		ExecutionOrderSort2 (0ms)
		AwakeInstancesAfterBackupRestoration (4ms)
Refreshing native plugins compatible for Editor in 4.66 ms, found 9 plugins.
Preloading 1 native plugins for Editor in 0.04 ms.
Unloading 235 Unused Serialized files (Serialized files now loaded: 0)
Unloading 10981 unused Assets / (8.8 MB). Loaded Objects now: 11825.
Memory consumption went from 278.5 MB to 269.7 MB.
Total: 31.116800 ms (FindLiveObjects: 0.882700 ms CreateObjectMapping: 0.446400 ms MarkObjects: 26.274900 ms  DeleteObjects: 3.511300 ms)

========================================================================
Received Import Request.
  Time since last request: 885105.776149 seconds.
  path: Assets/Assets3D/TriForge Assets/Top Down - Fantasy Forest/Prefabs/P_tdFF_crystal_node_blue_1.prefab
  artifactKey: Guid(9404f7c3adc9d8b49a24d7f61646d61a) Importer(815301076,1909f56bfc062723c751e8b465ee728b)
Start importing Assets/Assets3D/TriForge Assets/Top Down - Fantasy Forest/Prefabs/P_tdFF_crystal_node_blue_1.prefab using Guid(9404f7c3adc9d8b49a24d7f61646d61a) Importer(815301076,1909f56bfc062723c751e8b465ee728b) (PreviewImporter) -> (artifact id: 'e1d999ccab162f262a89ae9092f74bdc') in 0.0862616 seconds
Number of updated asset objects reloaded before import = 0Number of asset objects unloaded after import = 14

========================================================================
Received Import Request.
  Time since last request: 1.462581 seconds.
  path: Assets/Resources/Worker/Prefab/Worker.prefab
  artifactKey: Guid(6e341b1659c00d9488d62583d5a377df) Importer(815301076,1909f56bfc062723c751e8b465ee728b)
Start importing Assets/Resources/Worker/Prefab/Worker.prefab using Guid(6e341b1659c00d9488d62583d5a377df) Importer(815301076,1909f56bfc062723c751e8b465ee728b) (PreviewImporter) -> (artifact id: '5b5a8bd2a3712508eacd351938cddefc') in 0.0214723 seconds
Number of updated asset objects reloaded before import = 0Number of asset objects unloaded after import = 374

========================================================================
Received Import Request.
  Time since last request: 6.531311 seconds.
  path: Assets/Resources/Worker/Prefab/Worker.prefab
  artifactKey: Guid(6e341b1659c00d9488d62583d5a377df) Importer(815301076,1909f56bfc062723c751e8b465ee728b)
Start importing Assets/Resources/Worker/Prefab/Worker.prefab using Guid(6e341b1659c00d9488d62583d5a377df) Importer(815301076,1909f56bfc062723c751e8b465ee728b) (PreviewImporter) -> (artifact id: '4e1e2cea323d58d013dd47ecbe45f6c3') in 0.020747 seconds
Number of updated asset objects reloaded before import = 0Number of asset objects unloaded after import = 374

========================================================================
Received Prepare
Assembly reference Packages/com.unity.entities/Unity.Scenes.Editor/Internals/Properties/Unity.Properties.Internals.asmref has no target assembly definition
Assembly reference Packages/com.unity.entities/Unity.Scenes.Editor/Internals/Properties/Unity.Properties.Internals.asmref has no target assembly definition
Begin MonoManager ReloadAssembly
Symbol file LoadedFromMemory is not a mono symbol file
- Loaded All Assemblies, in  0.744 seconds
Assembly reference Packages/com.unity.entities/Unity.Scenes.Editor/Internals/Properties/Unity.Properties.Internals.asmref has no target assembly definition
Refreshing native plugins compatible for Editor in 2.29 ms, found 9 plugins.
Native extension for WindowsStandalone target not found
Native extension for WebGL target not found
Assembly reference Packages/com.unity.entities/Unity.Scenes.Editor/Internals/Properties/Unity.Properties.Internals.asmref has no target assembly definition
TypeManager.Initialize took: 265ms
[MODES] ModeService[none].Initialize
[MODES] ModeService[none].LoadModes
Mono: successfully reloaded assembly
- Finished resetting the current domain, in  1.789 seconds
Domain Reload Profiling: 2533ms
	BeginReloadAssembly (187ms)
		ExecutionOrderSort (0ms)
		DisableScriptedObjects (5ms)
		BackupInstance (0ms)
		ReleaseScriptingObjects (0ms)
		CreateAndSetChildDomain (82ms)
	RebuildCommonClasses (24ms)
	RebuildNativeTypeToScriptingClass (12ms)
	initialDomainReloadingComplete (47ms)
	LoadAllAssembliesAndSetupDomain (474ms)
		LoadAssemblies (310ms)
		RebuildTransferFunctionScriptingTraits (0ms)
		AnalyzeDomain (230ms)
			TypeCache.Refresh (7ms)
				TypeCache.ScanAssembly (0ms)
			BuildScriptInfoCaches (210ms)
			ResolveRequiredComponents (10ms)
	FinalizeReload (1789ms)
		ReleaseScriptCaches (0ms)
		RebuildScriptCaches (0ms)
		SetupLoadedEditorAssemblies (1613ms)
			LogAssemblyErrors (0ms)
			InitializePlatformSupportModulesInManaged (2ms)
			SetLoadedEditorAssemblies (5ms)
			BeforeProcessingInitializeOnLoad (88ms)
			ProcessInitializeOnLoadAttributes (1138ms)
			ProcessInitializeOnLoadMethodAttributes (371ms)
			AfterProcessingInitializeOnLoad (8ms)
			EditorAssembliesLoaded (0ms)
		ExecutionOrderSort2 (0ms)
		AwakeInstancesAfterBackupRestoration (5ms)
Refreshing native plugins compatible for Editor in 4.36 ms, found 9 plugins.
Preloading 1 native plugins for Editor in 0.03 ms.
Unloading 47 Unused Serialized files (Serialized files now loaded: 0)
Unloading 10982 unused Assets / (8.7 MB). Loaded Objects now: 11838.
Memory consumption went from 247.7 MB to 239.1 MB.
Total: 33.301500 ms (FindLiveObjects: 0.752600 ms CreateObjectMapping: 0.702500 ms MarkObjects: 28.245400 ms  DeleteObjects: 3.599800 ms)

Unloading 0 Unused Serialized files (Serialized files now loaded: 0)
Unloading 0 unused Assets / (8.0 MB). Loaded Objects now: 11838.
Memory consumption went from 239.0 MB to 231.1 MB.
Total: 28.935500 ms (FindLiveObjects: 0.581800 ms CreateObjectMapping: 0.435000 ms MarkObjects: 26.765300 ms  DeleteObjects: 1.151900 ms)

Prepare: number of updated asset objects reloaded= 0
========================================================================
Received Prepare
Refreshing native plugins compatible for Editor in 4.21 ms, found 9 plugins.
Preloading 1 native plugins for Editor in 0.03 ms.
Unloading 46 Unused Serialized files (Serialized files now loaded: 0)
Unloading 46 unused Assets / (4.6 MB). Loaded Objects now: 11838.
Memory consumption went from 239.8 MB to 235.2 MB.
Total: 26.703500 ms (FindLiveObjects: 0.582000 ms CreateObjectMapping: 0.372100 ms MarkObjects: 24.852300 ms  DeleteObjects: 0.896100 ms)

Prepare: number of updated asset objects reloaded= 0
========================================================================
Received Import Request.
  Time since last request: 24.723900 seconds.
  path: Assets/Resources/Worker/Prefab/Worker.asset
  artifactKey: Guid(246634a01acffa744b2a7c4d7a225ceb) Importer(815301076,1909f56bfc062723c751e8b465ee728b)
Start importing Assets/Resources/Worker/Prefab/Worker.asset using Guid(246634a01acffa744b2a7c4d7a225ceb) Importer(815301076,1909f56bfc062723c751e8b465ee728b) (PreviewImporter) -> (artifact id: 'd9e22110e063eeaf9de2751e0ff87a4c') in 0.1404068 seconds
Number of updated asset objects reloaded before import = 0Number of asset objects unloaded after import = 6

========================================================================
Received Import Request.
  Time since last request: 44.863407 seconds.
  path: Assets/Resources/Worker/Animation/Controller/Worker.controller
  artifactKey: Guid(3bcf0d4fde4e5344fb8415773ad2629f) Importer(815301076,1909f56bfc062723c751e8b465ee728b)
Start importing Assets/Resources/Worker/Animation/Controller/Worker.controller using Guid(3bcf0d4fde4e5344fb8415773ad2629f) Importer(815301076,1909f56bfc062723c751e8b465ee728b) (PreviewImporter) -> (artifact id: '0685161817feb4952084e29497fded5e') in 0.0024343 seconds
Number of updated asset objects reloaded before import = 0Number of asset objects unloaded after import = 13

========================================================================
Received Import Request.
  Time since last request: 5.531281 seconds.
  path: Assets/Resources/Worker/Animation/BagRun.FBX
  artifactKey: Guid(0302b0fe2804dd049b7429963c7e901b) Importer(815301076,1909f56bfc062723c751e8b465ee728b)
Start importing Assets/Resources/Worker/Animation/BagRun.FBX using Guid(0302b0fe2804dd049b7429963c7e901b) Importer(815301076,1909f56bfc062723c751e8b465ee728b) (PreviewImporter) -> (artifact id: '3e4a333412e4a60ff1beacf45b4ec610') in 0.0164183 seconds
Number of updated asset objects reloaded before import = 0Number of asset objects unloaded after import = 51

========================================================================
Received Import Request.
  Time since last request: 0.000017 seconds.
  path: Assets/Resources/Worker/Animation/Working.FBX
  artifactKey: Guid(746070381ced66242b02d37e035b0dae) Importer(815301076,1909f56bfc062723c751e8b465ee728b)
Start importing Assets/Resources/Worker/Animation/Working.FBX using Guid(746070381ced66242b02d37e035b0dae) Importer(815301076,1909f56bfc062723c751e8b465ee728b) (PreviewImporter) -> (artifact id: '3377a91255487ef348ab5ddb7952bca5') in 0.0027292 seconds
Number of updated asset objects reloaded before import = 0Number of asset objects unloaded after import = 51

========================================================================
Received Import Request.
  Time since last request: 8.923746 seconds.
  path: Assets/Assets3D/Customizable Skybox
  artifactKey: Guid(3c462c0701b4a9141b5f964179e875bd) Importer(815301076,1909f56bfc062723c751e8b465ee728b)
Start importing Assets/Assets3D/Customizable Skybox using Guid(3c462c0701b4a9141b5f964179e875bd) Importer(815301076,1909f56bfc062723c751e8b465ee728b) (PreviewImporter) -> (artifact id: '1bdde5ec359223520b2d06da0a9385e5') in 0.0003641 seconds
Number of updated asset objects reloaded before import = 0Number of asset objects unloaded after import = 0

========================================================================
Received Import Request.
  Time since last request: 7.271420 seconds.
  path: Assets/Assets3D/Toon_RTS/WesternKingdoms/animation/Worker
  artifactKey: Guid(67d72d8307280c64199ca22cdfef8340) Importer(815301076,1909f56bfc062723c751e8b465ee728b)
Start importing Assets/Assets3D/Toon_RTS/WesternKingdoms/animation/Worker using Guid(67d72d8307280c64199ca22cdfef8340) Importer(815301076,1909f56bfc062723c751e8b465ee728b) (PreviewImporter) -> (artifact id: '55cb9be0e19e82f42975b91d368136b6') in 0.0003695 seconds
Number of updated asset objects reloaded before import = 0Number of asset objects unloaded after import = 0

========================================================================
Received Import Request.
  Time since last request: 0.066581 seconds.
  path: Assets/Assets3D/Toon_RTS/WesternKingdoms/animation/Worker/WK_worker_01_idle.FBX
  artifactKey: Guid(d416f40d6013a7c4abab578970fbd9ed) Importer(815301076,1909f56bfc062723c751e8b465ee728b)
Start importing Assets/Assets3D/Toon_RTS/WesternKingdoms/animation/Worker/WK_worker_01_idle.FBX using Guid(d416f40d6013a7c4abab578970fbd9ed) Importer(815301076,1909f56bfc062723c751e8b465ee728b) (PreviewImporter) -> (artifact id: 'a257f662c057844d266e48d5f8ef9447') in 0.0025578 seconds
Number of updated asset objects reloaded before import = 0Number of asset objects unloaded after import = 51

========================================================================
Received Import Request.
  Time since last request: 0.000652 seconds.
  path: Assets/Assets3D/Toon_RTS/WesternKingdoms/animation/Worker/WK_worker_03_run.FBX
  artifactKey: Guid(d719219c4c306d34eb4ae68a4e2ce3c4) Importer(815301076,1909f56bfc062723c751e8b465ee728b)
Start importing Assets/Assets3D/Toon_RTS/WesternKingdoms/animation/Worker/WK_worker_03_run.FBX using Guid(d719219c4c306d34eb4ae68a4e2ce3c4) Importer(815301076,1909f56bfc062723c751e8b465ee728b) (PreviewImporter) -> (artifact id: 'b8e49632a5540f2f8e2b47384a2914dd') in 0.0024943 seconds
Number of updated asset objects reloaded before import = 0Number of asset objects unloaded after import = 51

========================================================================
Received Import Request.
  Time since last request: 0.000956 seconds.
  path: Assets/Assets3D/Toon_RTS/WesternKingdoms/animation/Worker/WK_worker_12_working_C.FBX
  artifactKey: Guid(9294fa17c72f8df4984ab11e98786c8a) Importer(815301076,1909f56bfc062723c751e8b465ee728b)
Start importing Assets/Assets3D/Toon_RTS/WesternKingdoms/animation/Worker/WK_worker_12_working_C.FBX using Guid(9294fa17c72f8df4984ab11e98786c8a) Importer(815301076,1909f56bfc062723c751e8b465ee728b) (PreviewImporter) -> (artifact id: '99a42c61882f0985ac1f81286c17939c') in 0.0026523 seconds
Number of updated asset objects reloaded before import = 0Number of asset objects unloaded after import = 51

========================================================================
Received Import Request.
  Time since last request: 0.010825 seconds.
  path: Assets/Assets3D/Toon_RTS/WesternKingdoms/animation/Worker/WK_worker_wood_01_idle.FBX
  artifactKey: Guid(aa55f7fcd1bdc044c9de0a5843f6647e) Importer(815301076,1909f56bfc062723c751e8b465ee728b)
Start importing Assets/Assets3D/Toon_RTS/WesternKingdoms/animation/Worker/WK_worker_wood_01_idle.FBX using Guid(aa55f7fcd1bdc044c9de0a5843f6647e) Importer(815301076,1909f56bfc062723c751e8b465ee728b) (PreviewImporter) -> (artifact id: 'f9d84e824bb89bc06cc398a63c3393b1') in 0.0023921 seconds
Number of updated asset objects reloaded before import = 0Number of asset objects unloaded after import = 51

========================================================================
Received Import Request.
  Time since last request: 0.000013 seconds.
  path: Assets/Assets3D/Toon_RTS/WesternKingdoms/animation/Worker/WK_worker_wood_07_attack.FBX
  artifactKey: Guid(9c294fe53f34e7146a5e2efd3b35aa5f) Importer(815301076,1909f56bfc062723c751e8b465ee728b)
Start importing Assets/Assets3D/Toon_RTS/WesternKingdoms/animation/Worker/WK_worker_wood_07_attack.FBX using Guid(9c294fe53f34e7146a5e2efd3b35aa5f) Importer(815301076,1909f56bfc062723c751e8b465ee728b) (PreviewImporter) -> (artifact id: '8f219fc28504dd381537e1ba0bf1ad50') in 0.0029795 seconds
Number of updated asset objects reloaded before import = 0Number of asset objects unloaded after import = 51

========================================================================
Received Import Request.
  Time since last request: 0.000011 seconds.
  path: Assets/Assets3D/Toon_RTS/WesternKingdoms/animation/Worker/WK_worker_bag_07_attack.FBX
  artifactKey: Guid(898b1ab49271f00498df0027879cb21a) Importer(815301076,1909f56bfc062723c751e8b465ee728b)
Start importing Assets/Assets3D/Toon_RTS/WesternKingdoms/animation/Worker/WK_worker_bag_07_attack.FBX using Guid(898b1ab49271f00498df0027879cb21a) Importer(815301076,1909f56bfc062723c751e8b465ee728b) (PreviewImporter) -> (artifact id: '6e057a56847b5a499615c60ab77d1e36') in 0.0026037 seconds
Number of updated asset objects reloaded before import = 0Number of asset objects unloaded after import = 51

========================================================================
Received Import Request.
  Time since last request: 0.000009 seconds.
  path: Assets/Assets3D/Toon_RTS/WesternKingdoms/animation/Worker/WK_worker_wood_09_take_damage.FBX
  artifactKey: Guid(65638be83bb7ac540918edf1ef864f8b) Importer(815301076,1909f56bfc062723c751e8b465ee728b)
Start importing Assets/Assets3D/Toon_RTS/WesternKingdoms/animation/Worker/WK_worker_wood_09_take_damage.FBX using Guid(65638be83bb7ac540918edf1ef864f8b) Importer(815301076,1909f56bfc062723c751e8b465ee728b) (PreviewImporter) -> (artifact id: 'ba7a6a16bad6679925ba3835f1503733') in 0.0024039 seconds
Number of updated asset objects reloaded before import = 0Number of asset objects unloaded after import = 51

========================================================================
Received Import Request.
  Time since last request: 0.000012 seconds.
  path: Assets/Assets3D/Toon_RTS/WesternKingdoms/animation/Worker/WK_worker_bag_02_walk.FBX
  artifactKey: Guid(be770c014c7920b4b8a380953305a36d) Importer(815301076,1909f56bfc062723c751e8b465ee728b)
Start importing Assets/Assets3D/Toon_RTS/WesternKingdoms/animation/Worker/WK_worker_bag_02_walk.FBX using Guid(be770c014c7920b4b8a380953305a36d) Importer(815301076,1909f56bfc062723c751e8b465ee728b) (PreviewImporter) -> (artifact id: '773f4c42871168e235b51049e2a16bad') in 0.0027772 seconds
Number of updated asset objects reloaded before import = 0Number of asset objects unloaded after import = 51

========================================================================
Received Import Request.
  Time since last request: 0.000010 seconds.
  path: Assets/Assets3D/Toon_RTS/WesternKingdoms/animation/Worker/WK_worker_10_death_B.FBX
  artifactKey: Guid(1a934a7dacc7f294d892f4eb1b712c03) Importer(815301076,1909f56bfc062723c751e8b465ee728b)
Start importing Assets/Assets3D/Toon_RTS/WesternKingdoms/animation/Worker/WK_worker_10_death_B.FBX using Guid(1a934a7dacc7f294d892f4eb1b712c03) Importer(815301076,1909f56bfc062723c751e8b465ee728b) (PreviewImporter) -> (artifact id: '4f59930557d7e4df66f0e0e7e29994da') in 0.0028645 seconds
Number of updated asset objects reloaded before import = 0Number of asset objects unloaded after import = 51

Editor requested this worker to shutdown with reason: Scaling down because of idle timeout
AssetImportWorker is now disconnected from the server
Process exiting
Exiting without the bug reporter. Application will terminate with return code 0