Using pre-set license
Built from 'trunk' branch; Version is '6000.0.20f1 (05208a74e9aa) revision 336010'; Using compiler version '193933523'; Build Type 'Release'
OS: 'Windows 11  (10.0.22631) 64bit Professional' Language: 'ru' Physical Memory: 65386 MB
BatchMode: 1, IsHumanControllingUs: 0, StartBugReporterOnCrash: 0, Is64bit: 1, IsPro: 1

COMMAND LINE ARGUMENTS:
C:\Program Files\Unity\Hub\Editor\6000.0.20f1\Editor\Unity.exe
-adb2
-batchMode
-noUpm
-name
AssetImportWorker2
-projectPath
P:/gameDev/Underground/Underground/Underground
-logFile
Logs/AssetImportWorker2.log
-srvPort
3771
-job-worker-count
9
-background-job-worker-count
8
-asset-garbage-collectors
1
Successfully changed project path to: P:/gameDev/Underground/Underground/Underground
P:/gameDev/Underground/Underground/Underground
[UnityMemory] Configuration Parameters - Can be set up in boot.config
    "memorysetup-bucket-allocator-granularity=16"
    "memorysetup-bucket-allocator-bucket-count=8"
    "memorysetup-bucket-allocator-block-size=33554432"
    "memorysetup-bucket-allocator-block-count=8"
    "memorysetup-main-allocator-block-size=16777216"
    "memorysetup-thread-allocator-block-size=16777216"
    "memorysetup-gfx-main-allocator-block-size=16777216"
    "memorysetup-gfx-thread-allocator-block-size=16777216"
    "memorysetup-cache-allocator-block-size=4194304"
    "memorysetup-typetree-allocator-block-size=2097152"
    "memorysetup-profiler-bucket-allocator-granularity=16"
    "memorysetup-profiler-bucket-allocator-bucket-count=8"
    "memorysetup-profiler-bucket-allocator-block-size=33554432"
    "memorysetup-profiler-bucket-allocator-block-count=8"
    "memorysetup-profiler-allocator-block-size=16777216"
    "memorysetup-profiler-editor-allocator-block-size=1048576"
    "memorysetup-temp-allocator-size-main=16777216"
    "memorysetup-job-temp-allocator-block-size=2097152"
    "memorysetup-job-temp-allocator-block-size-background=1048576"
    "memorysetup-job-temp-allocator-reduction-small-platforms=262144"
    "memorysetup-allocator-temp-initial-block-size-main=262144"
    "memorysetup-allocator-temp-initial-block-size-worker=262144"
    "memorysetup-temp-allocator-size-background-worker=32768"
    "memorysetup-temp-allocator-size-job-worker=262144"
    "memorysetup-temp-allocator-size-preload-manager=33554432"
    "memorysetup-temp-allocator-size-nav-mesh-worker=65536"
    "memorysetup-temp-allocator-size-audio-worker=65536"
    "memorysetup-temp-allocator-size-cloud-worker=32768"
    "memorysetup-temp-allocator-size-gi-baking-worker=262144"
    "memorysetup-temp-allocator-size-gi-baking-worker=262144"
    "memorysetup-temp-allocator-size-gi-baking-worker=262144"
    "memorysetup-temp-allocator-size-gi-baking-worker=262144"
    "memorysetup-temp-allocator-size-gi-baking-worker=262144"
    "memorysetup-temp-allocator-size-gfx=262144"
Player connection [60584]  Target information:

Player connection [60584]  * "[IP] 192.168.0.123 [Port] 0 [Flags] 2 [Guid] 373711598 [EditorId] 373711598 [Version] 1048832 [Id] WindowsEditor(7,Saymyname) [Debug] 1 [PackageName] WindowsEditor [ProjectName] Editor" 

Player connection [60584] Host joined multi-casting on [225.0.0.222:54997]...
Player connection [60584] Host joined alternative multi-casting on [225.0.0.222:34997]...
JobSystem: Creating JobQueue using job-worker-count value 9
[Physics::Module] Initialized fallback backend.
[Physics::Module] Id: 0xdecafbad
Library Redirect Path: Library/
[Physics::Module] Selected backend.
[Physics::Module] Name: PhysX
[Physics::Module] Id: 0xf2b8ea05
[Physics::Module] SDK Version: 4.1.2
[Physics::Module] Integration Version: 1.0.0
[Physics::Module] Threading Mode: Multi-Threaded
Refreshing native plugins compatible for Editor in 3.90 ms, found 9 plugins.
Preloading 1 native plugins for Editor in 1.44 ms.
Initialize engine version: 6000.0.20f1 (05208a74e9aa)
[Subsystems] Discovering subsystems at path C:/Program Files/Unity/Hub/Editor/6000.0.20f1/Editor/Data/Resources/UnitySubsystems
[Subsystems] Discovering subsystems at path P:/gameDev/Underground/Underground/Underground/Assets
GfxDevice: creating device client; kGfxThreadingModeNonThreaded
Direct3D:
    Version:  Direct3D 11.0 [level 11.1]
    Renderer: NVIDIA GeForce RTX 4080 (ID=0x2704)
    Vendor:   NVIDIA
    VRAM:     16050 MB
    Driver:   32.0.15.6109
Initialize mono
Mono path[0] = 'C:/Program Files/Unity/Hub/Editor/6000.0.20f1/Editor/Data/Managed'
Mono path[1] = 'C:/Program Files/Unity/Hub/Editor/6000.0.20f1/Editor/Data/MonoBleedingEdge/lib/mono/unityjit-win32'
Mono config path = 'C:/Program Files/Unity/Hub/Editor/6000.0.20f1/Editor/Data/MonoBleedingEdge/etc'
Using monoOptions --debugger-agent=transport=dt_socket,embedding=1,server=y,suspend=n,address=127.0.0.1:56072
Begin MonoManager ReloadAssembly
Registering precompiled unity dll's ...
Register platform support module: C:/Program Files/Unity/Hub/Editor/6000.0.20f1/Editor/Data/PlaybackEngines/WebGLSupport/UnityEditor.WebGL.Extensions.dll
Register platform support module: C:/Program Files/Unity/Hub/Editor/6000.0.20f1/Editor/Data/PlaybackEngines/WindowsStandaloneSupport/UnityEditor.WindowsStandalone.Extensions.dll
Registered in 0.002344 seconds.
- Loaded All Assemblies, in  0.251 seconds
Native extension for WindowsStandalone target not found
Native extension for WebGL target not found
Mono: successfully reloaded assembly
- Finished resetting the current domain, in  0.234 seconds
Domain Reload Profiling: 483ms
	BeginReloadAssembly (87ms)
		ExecutionOrderSort (0ms)
		DisableScriptedObjects (0ms)
		BackupInstance (0ms)
		ReleaseScriptingObjects (0ms)
		CreateAndSetChildDomain (0ms)
	RebuildCommonClasses (24ms)
	RebuildNativeTypeToScriptingClass (7ms)
	initialDomainReloadingComplete (33ms)
	LoadAllAssembliesAndSetupDomain (98ms)
		LoadAssemblies (84ms)
		RebuildTransferFunctionScriptingTraits (0ms)
		AnalyzeDomain (96ms)
			TypeCache.Refresh (95ms)
				TypeCache.ScanAssembly (87ms)
			BuildScriptInfoCaches (0ms)
			ResolveRequiredComponents (0ms)
	FinalizeReload (234ms)
		ReleaseScriptCaches (0ms)
		RebuildScriptCaches (0ms)
		SetupLoadedEditorAssemblies (197ms)
			LogAssemblyErrors (0ms)
			InitializePlatformSupportModulesInManaged (17ms)
			SetLoadedEditorAssemblies (3ms)
			BeforeProcessingInitializeOnLoad (7ms)
			ProcessInitializeOnLoadAttributes (125ms)
			ProcessInitializeOnLoadMethodAttributes (44ms)
			AfterProcessingInitializeOnLoad (2ms)
			EditorAssembliesLoaded (0ms)
		ExecutionOrderSort2 (0ms)
		AwakeInstancesAfterBackupRestoration (0ms)
Assembly reference Packages/com.unity.entities/Unity.Scenes.Editor/Internals/Properties/Unity.Properties.Internals.asmref has no target assembly definition
========================================================================
Worker process is ready to serve import requests
Import Worker Mode flag is 0x00
Assembly reference Packages/com.unity.entities/Unity.Scenes.Editor/Internals/Properties/Unity.Properties.Internals.asmref has no target assembly definition
Assembly reference Packages/com.unity.entities/Unity.Scenes.Editor/Internals/Properties/Unity.Properties.Internals.asmref has no target assembly definition
Begin MonoManager ReloadAssembly
Symbol file LoadedFromMemory is not a mono symbol file
- Loaded All Assemblies, in  0.968 seconds
Assembly reference Packages/com.unity.entities/Unity.Scenes.Editor/Internals/Properties/Unity.Properties.Internals.asmref has no target assembly definition
Refreshing native plugins compatible for Editor in 2.14 ms, found 9 plugins.
Native extension for WindowsStandalone target not found
Native extension for WebGL target not found
Assembly reference Packages/com.unity.entities/Unity.Scenes.Editor/Internals/Properties/Unity.Properties.Internals.asmref has no target assembly definition
TypeManager.Initialize took: 229ms
Launched and connected shader compiler UnityShaderCompiler.exe after 0.01 seconds
Mono: successfully reloaded assembly
- Finished resetting the current domain, in  1.730 seconds
Domain Reload Profiling: 2696ms
	BeginReloadAssembly (268ms)
		ExecutionOrderSort (0ms)
		DisableScriptedObjects (4ms)
		BackupInstance (0ms)
		ReleaseScriptingObjects (0ms)
		CreateAndSetChildDomain (21ms)
	RebuildCommonClasses (24ms)
	RebuildNativeTypeToScriptingClass (7ms)
	initialDomainReloadingComplete (49ms)
	LoadAllAssembliesAndSetupDomain (617ms)
		LoadAssemblies (339ms)
		RebuildTransferFunctionScriptingTraits (0ms)
		AnalyzeDomain (345ms)
			TypeCache.Refresh (257ms)
				TypeCache.ScanAssembly (240ms)
			BuildScriptInfoCaches (76ms)
			ResolveRequiredComponents (9ms)
	FinalizeReload (1731ms)
		ReleaseScriptCaches (0ms)
		RebuildScriptCaches (0ms)
		SetupLoadedEditorAssemblies (1553ms)
			LogAssemblyErrors (0ms)
			InitializePlatformSupportModulesInManaged (2ms)
			SetLoadedEditorAssemblies (4ms)
			BeforeProcessingInitializeOnLoad (77ms)
			ProcessInitializeOnLoadAttributes (1001ms)
			ProcessInitializeOnLoadMethodAttributes (463ms)
			AfterProcessingInitializeOnLoad (6ms)
			EditorAssembliesLoaded (0ms)
		ExecutionOrderSort2 (0ms)
		AwakeInstancesAfterBackupRestoration (4ms)
Refreshing native plugins compatible for Editor in 4.30 ms, found 9 plugins.
Preloading 1 native plugins for Editor in 0.03 ms.
Unloading 212 Unused Serialized files (Serialized files now loaded: 0)
Unloading 10625 unused Assets / (8.0 MB). Loaded Objects now: 11449.
Memory consumption went from 261.4 MB to 253.4 MB.
Total: 31.013000 ms (FindLiveObjects: 0.745500 ms CreateObjectMapping: 0.670500 ms MarkObjects: 26.004700 ms  DeleteObjects: 3.591100 ms)

========================================================================
Received Import Request.
  Time since last request: 879076.887459 seconds.
  path: Assets/Assets3D/ToonyTinyPeople/TT_RTS/TT_RTS_Standard/models/buildings/Barracks.FBX
  artifactKey: Guid(e2f28d7d7478cb64597ebb9077abfe6e) Importer(815301076,1909f56bfc062723c751e8b465ee728b)
Start importing Assets/Assets3D/ToonyTinyPeople/TT_RTS/TT_RTS_Standard/models/buildings/Barracks.FBX using Guid(e2f28d7d7478cb64597ebb9077abfe6e) Importer(815301076,1909f56bfc062723c751e8b465ee728b) (PreviewImporter) -> (artifact id: 'd5df5971c8753e68914af1ecfa7bbd84') in 0.144102 seconds
Number of updated asset objects reloaded before import = 0Number of asset objects unloaded after import = 10

========================================================================
Received Import Request.
  Time since last request: 0.000014 seconds.
  path: Assets/Assets3D/ToonyTinyPeople/TT_RTS/TT_RTS_Standard/models/buildings/Wall_A_gate.FBX
  artifactKey: Guid(7ae56a8428b94f24b854dac395c7c925) Importer(815301076,1909f56bfc062723c751e8b465ee728b)
Start importing Assets/Assets3D/ToonyTinyPeople/TT_RTS/TT_RTS_Standard/models/buildings/Wall_A_gate.FBX using Guid(7ae56a8428b94f24b854dac395c7c925) Importer(815301076,1909f56bfc062723c751e8b465ee728b) (PreviewImporter) -> (artifact id: '6519e414a98186a174eeec345dd42722') in 0.0379153 seconds
Number of updated asset objects reloaded before import = 0Number of asset objects unloaded after import = 27

========================================================================
Received Import Request.
  Time since last request: 2.669657 seconds.
  path: Assets/Assets3D/ToonyTinyPeople/TT_RTS/TT_RTS_Standard/models/buildings/construction/Archery_1.FBX
  artifactKey: Guid(27fdd863cab8d1a419f247f4ed7a2b01) Importer(815301076,1909f56bfc062723c751e8b465ee728b)
Start importing Assets/Assets3D/ToonyTinyPeople/TT_RTS/TT_RTS_Standard/models/buildings/construction/Archery_1.FBX using Guid(27fdd863cab8d1a419f247f4ed7a2b01) Importer(815301076,1909f56bfc062723c751e8b465ee728b) (PreviewImporter) -> (artifact id: 'c5bb752c757fae4259e09a3246812014') in 0.0122538 seconds
Number of updated asset objects reloaded before import = 0Number of asset objects unloaded after import = 10

========================================================================
Received Import Request.
  Time since last request: 0.000013 seconds.
  path: Assets/Assets3D/ToonyTinyPeople/TT_RTS/TT_RTS_Standard/models/buildings/construction/Farm_1.FBX
  artifactKey: Guid(8841aadd935eb6e4f9567e5a24a1f945) Importer(815301076,1909f56bfc062723c751e8b465ee728b)
Start importing Assets/Assets3D/ToonyTinyPeople/TT_RTS/TT_RTS_Standard/models/buildings/construction/Farm_1.FBX using Guid(8841aadd935eb6e4f9567e5a24a1f945) Importer(815301076,1909f56bfc062723c751e8b465ee728b) (PreviewImporter) -> (artifact id: '89f599a141278ffa341ab9d7e381fa72') in 0.0085947 seconds
Number of updated asset objects reloaded before import = 0Number of asset objects unloaded after import = 10

========================================================================
Received Import Request.
  Time since last request: 0.000013 seconds.
  path: Assets/Assets3D/ToonyTinyPeople/TT_RTS/TT_RTS_Standard/models/buildings/construction/House_0.FBX
  artifactKey: Guid(c4bb27f050a2ef4439fb736e16b2bded) Importer(815301076,1909f56bfc062723c751e8b465ee728b)
Start importing Assets/Assets3D/ToonyTinyPeople/TT_RTS/TT_RTS_Standard/models/buildings/construction/House_0.FBX using Guid(c4bb27f050a2ef4439fb736e16b2bded) Importer(815301076,1909f56bfc062723c751e8b465ee728b) (PreviewImporter) -> (artifact id: '108dbca1510323b117e4e22b3de503d6') in 0.0082143 seconds
Number of updated asset objects reloaded before import = 0Number of asset objects unloaded after import = 10

========================================================================
Received Import Request.
  Time since last request: 0.000014 seconds.
  path: Assets/Assets3D/ToonyTinyPeople/TT_RTS/TT_RTS_Standard/models/buildings/construction/Market_0.FBX
  artifactKey: Guid(36773d88f5d34834587aff054644b010) Importer(815301076,1909f56bfc062723c751e8b465ee728b)
Start importing Assets/Assets3D/ToonyTinyPeople/TT_RTS/TT_RTS_Standard/models/buildings/construction/Market_0.FBX using Guid(36773d88f5d34834587aff054644b010) Importer(815301076,1909f56bfc062723c751e8b465ee728b) (PreviewImporter) -> (artifact id: '9d93f998dec095028a05d647c0aee1f5') in 0.0104617 seconds
Number of updated asset objects reloaded before import = 0Number of asset objects unloaded after import = 10

========================================================================
Received Import Request.
  Time since last request: 0.000015 seconds.
  path: Assets/Assets3D/ToonyTinyPeople/TT_RTS/TT_RTS_Standard/models/buildings/construction/Stables_0.FBX
  artifactKey: Guid(c8f46a36db3ed5d4ba1ec3877467e8ca) Importer(815301076,1909f56bfc062723c751e8b465ee728b)
Start importing Assets/Assets3D/ToonyTinyPeople/TT_RTS/TT_RTS_Standard/models/buildings/construction/Stables_0.FBX using Guid(c8f46a36db3ed5d4ba1ec3877467e8ca) Importer(815301076,1909f56bfc062723c751e8b465ee728b) (PreviewImporter) -> (artifact id: '8a2cd7b27fdec416ee436faa287a8b8e') in 0.0094785 seconds
Number of updated asset objects reloaded before import = 0Number of asset objects unloaded after import = 10

========================================================================
Received Import Request.
  Time since last request: 0.000014 seconds.
  path: Assets/Assets3D/ToonyTinyPeople/TT_RTS/TT_RTS_Standard/models/buildings/construction/MageTower_0.FBX
  artifactKey: Guid(23f5e8bfeddc6454da643b5f31d0ff9a) Importer(815301076,1909f56bfc062723c751e8b465ee728b)
Start importing Assets/Assets3D/ToonyTinyPeople/TT_RTS/TT_RTS_Standard/models/buildings/construction/MageTower_0.FBX using Guid(23f5e8bfeddc6454da643b5f31d0ff9a) Importer(815301076,1909f56bfc062723c751e8b465ee728b) (PreviewImporter) -> (artifact id: '0e6fdee2582b5a9ccb1c4c275b2737e0') in 0.0095276 seconds
Number of updated asset objects reloaded before import = 0Number of asset objects unloaded after import = 10

========================================================================
Received Import Request.
  Time since last request: 0.438861 seconds.
  path: Assets/Assets3D/ToonyTinyPeople/TT_RTS/TT_RTS_Standard/models/buildings/construction/Tower_C_0.FBX
  artifactKey: Guid(48f5ed055a55d3e4e8a0d58338a79109) Importer(815301076,1909f56bfc062723c751e8b465ee728b)
Start importing Assets/Assets3D/ToonyTinyPeople/TT_RTS/TT_RTS_Standard/models/buildings/construction/Tower_C_0.FBX using Guid(48f5ed055a55d3e4e8a0d58338a79109) Importer(815301076,1909f56bfc062723c751e8b465ee728b) (PreviewImporter) -> (artifact id: '37bb604b6996e64200ec773ded35b3bd') in 0.0134611 seconds
Number of updated asset objects reloaded before import = 0Number of asset objects unloaded after import = 10

========================================================================
Received Import Request.
  Time since last request: 0.328768 seconds.
  path: Assets/Assets3D/ToonyTinyPeople/TT_RTS/TT_RTS_Standard/models/buildings/construction/Wall_A_corner_0.FBX
  artifactKey: Guid(84027b74851eeb942a03f4a723b1a66e) Importer(815301076,1909f56bfc062723c751e8b465ee728b)
Start importing Assets/Assets3D/ToonyTinyPeople/TT_RTS/TT_RTS_Standard/models/buildings/construction/Wall_A_corner_0.FBX using Guid(84027b74851eeb942a03f4a723b1a66e) Importer(815301076,1909f56bfc062723c751e8b465ee728b) (PreviewImporter) -> (artifact id: 'ba8331cd01898ba45752ac01150d7508') in 0.0094548 seconds
Number of updated asset objects reloaded before import = 0Number of asset objects unloaded after import = 10

========================================================================
Received Import Request.
  Time since last request: 0.000014 seconds.
  path: Assets/Assets3D/ToonyTinyPeople/TT_RTS/TT_RTS_Standard/models/buildings/construction/Wall_A_wall_0.FBX
  artifactKey: Guid(e9f3519d8a967cf4a820ecd5979e12b1) Importer(815301076,1909f56bfc062723c751e8b465ee728b)
Start importing Assets/Assets3D/ToonyTinyPeople/TT_RTS/TT_RTS_Standard/models/buildings/construction/Wall_A_wall_0.FBX using Guid(e9f3519d8a967cf4a820ecd5979e12b1) Importer(815301076,1909f56bfc062723c751e8b465ee728b) (PreviewImporter) -> (artifact id: '6f0f17e332ff5a3cd740e014acf67285') in 0.0079244 seconds
Number of updated asset objects reloaded before import = 0Number of asset objects unloaded after import = 10

========================================================================
Received Import Request.
  Time since last request: 0.071123 seconds.
  path: Assets/Assets3D/ToonyTinyPeople/TT_RTS/TT_RTS_Standard/models/buildings/construction/Wall_B_1x1_0.FBX
  artifactKey: Guid(98633bc2a8b69fb4ab21231dddbdbf0e) Importer(815301076,1909f56bfc062723c751e8b465ee728b)
Start importing Assets/Assets3D/ToonyTinyPeople/TT_RTS/TT_RTS_Standard/models/buildings/construction/Wall_B_1x1_0.FBX using Guid(98633bc2a8b69fb4ab21231dddbdbf0e) Importer(815301076,1909f56bfc062723c751e8b465ee728b) (PreviewImporter) -> (artifact id: 'f81e37c2c8b6d6a4d1f6c85fb452d8cf') in 0.0105804 seconds
Number of updated asset objects reloaded before import = 0Number of asset objects unloaded after import = 10

========================================================================
Received Import Request.
  Time since last request: 0.000035 seconds.
  path: Assets/Assets3D/ToonyTinyPeople/TT_RTS/TT_RTS_Standard/models/buildings/construction/Wall_B_gate_0.FBX
  artifactKey: Guid(914c6a6c8577a644695c9d94116c598d) Importer(815301076,1909f56bfc062723c751e8b465ee728b)
Start importing Assets/Assets3D/ToonyTinyPeople/TT_RTS/TT_RTS_Standard/models/buildings/construction/Wall_B_gate_0.FBX using Guid(914c6a6c8577a644695c9d94116c598d) Importer(815301076,1909f56bfc062723c751e8b465ee728b) (PreviewImporter) -> (artifact id: '97f6e98a4c5d1fed1dc84541394b7bab') in 0.007354 seconds
Number of updated asset objects reloaded before import = 0Number of asset objects unloaded after import = 10

========================================================================
Received Import Request.
  Time since last request: 0.459035 seconds.
  path: Assets/Assets3D/ToonyTinyPeople/TT_RTS/TT_RTS_Standard/models/buildings/construction/Wall_B_wall_0.FBX
  artifactKey: Guid(922ea54d47119074d8b9b4e757b417e6) Importer(815301076,1909f56bfc062723c751e8b465ee728b)
Start importing Assets/Assets3D/ToonyTinyPeople/TT_RTS/TT_RTS_Standard/models/buildings/construction/Wall_B_wall_0.FBX using Guid(922ea54d47119074d8b9b4e757b417e6) Importer(815301076,1909f56bfc062723c751e8b465ee728b) (PreviewImporter) -> (artifact id: '58af9fc323f7066ebc0a6fd50e8967b1') in 0.0111446 seconds
Number of updated asset objects reloaded before import = 0Number of asset objects unloaded after import = 10

Editor requested this worker to shutdown with reason: Scaling down because of idle timeout
AssetImportWorker is now disconnected from the server
Process exiting
Exiting without the bug reporter. Application will terminate with return code 0