Using pre-set license
Built from '2023.2/staging' branch; Version is '2023.2.14f1 (eeca29774eb5) revision 15649321'; Using compiler version '193431935'; Build Type 'Release'
OS: 'Windows 11  (10.0.22631) 64bit Professional' Language: 'ru' Physical Memory: 65386 MB
BatchMode: 1, IsHumanControllingUs: 0, StartBugReporterOnCrash: 0, Is64bit: 1, IsPro: 1

COMMAND LINE ARGUMENTS:
C:\Program Files\Unity\Hub\Editor\2023.2.14f1\Editor\Unity.exe
-adb2
-batchMode
-noUpm
-name
AssetImportWorker6
-projectPath
P:/gameDev/Underground/Underground/Underground
-logFile
Logs/AssetImportWorker6.log
-srvPort
7334
-job-worker-count
9
-background-job-worker-count
8
-asset-garbage-collectors
1
Successfully changed project path to: P:/gameDev/Underground/Underground/Underground
P:/gameDev/Underground/Underground/Underground
[UnityMemory] Configuration Parameters - Can be set up in boot.config
    "memorysetup-bucket-allocator-granularity=16"
    "memorysetup-bucket-allocator-bucket-count=8"
    "memorysetup-bucket-allocator-block-size=33554432"
    "memorysetup-bucket-allocator-block-count=8"
    "memorysetup-main-allocator-block-size=16777216"
    "memorysetup-thread-allocator-block-size=16777216"
    "memorysetup-gfx-main-allocator-block-size=16777216"
    "memorysetup-gfx-thread-allocator-block-size=16777216"
    "memorysetup-cache-allocator-block-size=4194304"
    "memorysetup-typetree-allocator-block-size=2097152"
    "memorysetup-profiler-bucket-allocator-granularity=16"
    "memorysetup-profiler-bucket-allocator-bucket-count=8"
    "memorysetup-profiler-bucket-allocator-block-size=33554432"
    "memorysetup-profiler-bucket-allocator-block-count=8"
    "memorysetup-profiler-allocator-block-size=16777216"
    "memorysetup-profiler-editor-allocator-block-size=1048576"
    "memorysetup-temp-allocator-size-main=16777216"
    "memorysetup-job-temp-allocator-block-size=2097152"
    "memorysetup-job-temp-allocator-block-size-background=1048576"
    "memorysetup-job-temp-allocator-reduction-small-platforms=262144"
    "memorysetup-allocator-temp-initial-block-size-main=262144"
    "memorysetup-allocator-temp-initial-block-size-worker=262144"
    "memorysetup-temp-allocator-size-background-worker=32768"
    "memorysetup-temp-allocator-size-job-worker=262144"
    "memorysetup-temp-allocator-size-preload-manager=33554432"
    "memorysetup-temp-allocator-size-nav-mesh-worker=65536"
    "memorysetup-temp-allocator-size-audio-worker=65536"
    "memorysetup-temp-allocator-size-cloud-worker=32768"
    "memorysetup-temp-allocator-size-gi-baking-worker=262144"
    "memorysetup-temp-allocator-size-gi-baking-worker=262144"
    "memorysetup-temp-allocator-size-gi-baking-worker=262144"
    "memorysetup-temp-allocator-size-gi-baking-worker=262144"
    "memorysetup-temp-allocator-size-gfx=262144"
Player connection [50024] Host "[IP] 192.168.0.123 [Port] 0 [Flags] 2 [Guid] 1716208287 [EditorId] 1716208287 [Version] 1048832 [Id] WindowsEditor(7,Saymyname) [Debug] 1 [PackageName] WindowsEditor [ProjectName] Editor" joined multi-casting on [225.0.0.222:54997]...
Player connection [50024] Host "[IP] 192.168.0.123 [Port] 0 [Flags] 2 [Guid] 1716208287 [EditorId] 1716208287 [Version] 1048832 [Id] WindowsEditor(7,Saymyname) [Debug] 1 [PackageName] WindowsEditor [ProjectName] Editor" joined alternative multi-casting on [225.0.0.222:34997]...
JobSystem: Creating JobQueue using job-worker-count value 9
[Physics::Module] Initialized MultithreadedJobDispatcher with 9 workers.
Library Redirect Path: Library/
Refreshing native plugins compatible for Editor in 1.17 ms, found 4 plugins.
Preloading 0 native plugins for Editor in 0.00 ms.
Initialize engine version: 2023.2.14f1 (eeca29774eb5)
[Subsystems] Discovering subsystems at path C:/Program Files/Unity/Hub/Editor/2023.2.14f1/Editor/Data/Resources/UnitySubsystems
[Subsystems] Discovering subsystems at path P:/gameDev/Underground/Underground/Underground/Assets
GfxDevice: creating device client; kGfxThreadingModeNonThreaded
Direct3D:
    Version:  Direct3D 11.0 [level 11.1]
    Renderer: NVIDIA GeForce RTX 4080 (ID=0x2704)
    Vendor:   NVIDIA
    VRAM:     16050 MB
    Driver:   32.0.15.6109
Initialize mono
Mono path[0] = 'C:/Program Files/Unity/Hub/Editor/2023.2.14f1/Editor/Data/Managed'
Mono path[1] = 'C:/Program Files/Unity/Hub/Editor/2023.2.14f1/Editor/Data/MonoBleedingEdge/lib/mono/unityjit-win32'
Mono config path = 'C:/Program Files/Unity/Hub/Editor/2023.2.14f1/Editor/Data/MonoBleedingEdge/etc'
Using monoOptions --debugger-agent=transport=dt_socket,embedding=1,server=y,suspend=n,address=127.0.0.1:56388
Begin MonoManager ReloadAssembly
Registering precompiled unity dll's ...
Register platform support module: C:/Program Files/Unity/Hub/Editor/2023.2.14f1/Editor/Data/PlaybackEngines/WebGLSupport/UnityEditor.WebGL.Extensions.dll
Register platform support module: C:/Program Files/Unity/Hub/Editor/2023.2.14f1/Editor/Data/PlaybackEngines/WindowsStandaloneSupport/UnityEditor.WindowsStandalone.Extensions.dll
Registered in 0.001939 seconds.
Unloading broken assembly C:/Program Files/Unity/Hub/Editor/2023.2.14f1/Editor/Data/PlaybackEngines/WebGLSupport/UnityEditor.WebGL.Extensions.dll, this assembly can cause crashes in the runtime
- Loaded All Assemblies, in  0.310 seconds
Could not add platformSupportModule UnityEditor.WebGL.TargetExtension, try rebuilding the module: VTable setup of type UnityEditor.WebGL.TargetExtension failed
UnityEngine.Debug:ExtractStackTraceNoAlloc (byte*,int,string)
UnityEngine.StackTraceUtility:ExtractStackTrace ()
UnityEngine.DebugLogHandler:Internal_Log (UnityEngine.LogType,UnityEngine.LogOption,string,UnityEngine.Object)
UnityEngine.DebugLogHandler:LogFormat (UnityEngine.LogType,UnityEngine.Object,string,object[])
UnityEngine.Logger:Log (UnityEngine.LogType,object)
UnityEngine.Debug:LogError (object)
UnityEditor.Modules.ModuleManager:RegisterPlatformSupportModules ()
UnityEditor.Modules.ModuleManager:get_platformSupportModules ()
UnityEditor.Modules.ModuleManager:InitializePlatformSupportModules ()

Native extension for WindowsStandalone target not found
Mono: successfully reloaded assembly
- Finished resetting the current domain, in  0.219 seconds
Domain Reload Profiling: 528ms
	BeginReloadAssembly (119ms)
		ExecutionOrderSort (0ms)
		DisableScriptedObjects (0ms)
		BackupInstance (0ms)
		ReleaseScriptingObjects (0ms)
		CreateAndSetChildDomain (1ms)
	RebuildCommonClasses (28ms)
	RebuildNativeTypeToScriptingClass (8ms)
	initialDomainReloadingComplete (32ms)
	LoadAllAssembliesAndSetupDomain (122ms)
		LoadAssemblies (118ms)
		RebuildTransferFunctionScriptingTraits (0ms)
		AnalyzeDomain (120ms)
			TypeCache.Refresh (119ms)
				TypeCache.ScanAssembly (109ms)
			BuildScriptInfoCaches (0ms)
			ResolveRequiredComponents (0ms)
	FinalizeReload (219ms)
		ReleaseScriptCaches (0ms)
		RebuildScriptCaches (0ms)
		SetupLoadedEditorAssemblies (171ms)
			LogAssemblyErrors (0ms)
			InitializePlatformSupportModulesInManaged (9ms)
			SetLoadedEditorAssemblies (3ms)
			BeforeProcessingInitializeOnLoad (3ms)
			ProcessInitializeOnLoadAttributes (127ms)
			ProcessInitializeOnLoadMethodAttributes (29ms)
			AfterProcessingInitializeOnLoad (0ms)
			EditorAssembliesLoaded (0ms)
		ExecutionOrderSort2 (0ms)
		AwakeInstancesAfterBackupRestoration (0ms)
Assembly reference Packages/com.unity.entities/Unity.Scenes.Editor/Internals/Properties/Unity.Properties.Internals.asmref has no target assembly definition
========================================================================
Worker process is ready to serve import requests
Import Worker Mode flag is 0x00
Assembly reference Packages/com.unity.entities/Unity.Scenes.Editor/Internals/Properties/Unity.Properties.Internals.asmref has no target assembly definition
Assembly reference Packages/com.unity.entities/Unity.Scenes.Editor/Internals/Properties/Unity.Properties.Internals.asmref has no target assembly definition
Begin MonoManager ReloadAssembly
- Loaded All Assemblies, in  0.844 seconds
Could not add platformSupportModule UnityEditor.WebGL.TargetExtension, try rebuilding the module: VTable setup of type UnityEditor.WebGL.TargetExtension failed
UnityEngine.Debug:ExtractStackTraceNoAlloc (byte*,int,string)
UnityEngine.StackTraceUtility:ExtractStackTrace ()
UnityEngine.DebugLogHandler:Internal_Log (UnityEngine.LogType,UnityEngine.LogOption,string,UnityEngine.Object)
UnityEngine.DebugLogHandler:LogFormat (UnityEngine.LogType,UnityEngine.Object,string,object[])
UnityEngine.Logger:Log (UnityEngine.LogType,object)
UnityEngine.Debug:LogError (object)
UnityEditor.Modules.ModuleManager:RegisterPlatformSupportModules ()
UnityEditor.Modules.ModuleManager:get_platformSupportModules ()
UnityEditor.Modules.ModuleManager:FindPlatformSupportModule (string)
UnityEditor.Scripting.ScriptCompilation.CustomScriptAssembly:.cctor ()
UnityEditor.Scripting.ScriptCompilation.LoadingAssemblyDefinition:LoadCustomScriptAssemblyFromJson (string,string,string)
UnityEditor.Scripting.ScriptCompilation.LoadingAssemblyDefinition:SetAllCustomScriptAssemblyJsonContents (string[],string[],string[])
UnityEditor.Scripting.ScriptCompilation.EditorCompilation:SetAllCustomScriptAssemblyJsonContents (string[],string[],string[])
UnityEditor.Scripting.ScriptCompilation.EditorCompilationInterface:SetAllCustomScriptAssemblyJsonContents (string[],string[],string[])

Assembly reference Packages/com.unity.entities/Unity.Scenes.Editor/Internals/Properties/Unity.Properties.Internals.asmref has no target assembly definition
Refreshing native plugins compatible for Editor in 1.05 ms, found 4 plugins.
Native extension for WindowsStandalone target not found
Assembly reference Packages/com.unity.entities/Unity.Scenes.Editor/Internals/Properties/Unity.Properties.Internals.asmref has no target assembly definition
Insane Systems RTS Starter Kit Initialized.
UnityEngine.Debug:ExtractStackTraceNoAlloc (byte*,int,string)
UnityEngine.StackTraceUtility:ExtractStackTrace ()
UnityEngine.DebugLogHandler:Internal_Log (UnityEngine.LogType,UnityEngine.LogOption,string,UnityEngine.Object)
UnityEngine.DebugLogHandler:LogFormat (UnityEngine.LogType,UnityEngine.Object,string,object[])
UnityEngine.Logger:Log (UnityEngine.LogType,object)
UnityEngine.Debug:Log (object)
InsaneSystems.RTSStarterKit.Startup:.cctor () (at Assets/Plugins/InsaneSystems/RTSStarterKit/Scripts/Editor/StartupConfigurator.cs:51)
System.Runtime.CompilerServices.RuntimeHelpers:RunClassConstructor (System.RuntimeTypeHandle)
UnityEditor.EditorAssemblies:ProcessInitializeOnLoadAttributes (System.Type[])

(Filename: Assets/Plugins/InsaneSystems/RTSStarterKit/Scripts/Editor/StartupConfigurator.cs Line: 51)

TypeManager.Initialize took: 212ms
Launched and connected shader compiler UnityShaderCompiler.exe after 0.02 seconds
Mono: successfully reloaded assembly
- Finished resetting the current domain, in  1.372 seconds
Domain Reload Profiling: 2215ms
	BeginReloadAssembly (247ms)
		ExecutionOrderSort (0ms)
		DisableScriptedObjects (4ms)
		BackupInstance (0ms)
		ReleaseScriptingObjects (0ms)
		CreateAndSetChildDomain (19ms)
	RebuildCommonClasses (22ms)
	RebuildNativeTypeToScriptingClass (8ms)
	initialDomainReloadingComplete (44ms)
	LoadAllAssembliesAndSetupDomain (522ms)
		LoadAssemblies (309ms)
		RebuildTransferFunctionScriptingTraits (0ms)
		AnalyzeDomain (277ms)
			TypeCache.Refresh (238ms)
				TypeCache.ScanAssembly (222ms)
			BuildScriptInfoCaches (31ms)
			ResolveRequiredComponents (5ms)
	FinalizeReload (1372ms)
		ReleaseScriptCaches (0ms)
		RebuildScriptCaches (0ms)
		SetupLoadedEditorAssemblies (1216ms)
			LogAssemblyErrors (0ms)
			InitializePlatformSupportModulesInManaged (1ms)
			SetLoadedEditorAssemblies (4ms)
			BeforeProcessingInitializeOnLoad (47ms)
			ProcessInitializeOnLoadAttributes (862ms)
			ProcessInitializeOnLoadMethodAttributes (298ms)
			AfterProcessingInitializeOnLoad (4ms)
			EditorAssembliesLoaded (0ms)
		ExecutionOrderSort2 (0ms)
		AwakeInstancesAfterBackupRestoration (6ms)
Refreshing native plugins compatible for Editor in 1.28 ms, found 4 plugins.
Preloading 0 native plugins for Editor in 0.00 ms.
Unloading 77 Unused Serialized files (Serialized files now loaded: 0)
Unloading 6568 unused Assets / (3.6 MB). Loaded Objects now: 7290.
Memory consumption went from 201.6 MB to 197.9 MB.
Total: 21.430800 ms (FindLiveObjects: 0.513300 ms CreateObjectMapping: 0.314700 ms MarkObjects: 18.537500 ms  DeleteObjects: 2.064500 ms)

========================================================================
Received Import Request.
  Time since last request: 569672.360361 seconds.
  path: Assets/Plugins/InsaneSystems/RTSStarterKit/Prefabs/UI Templates/CarryCellTemplate.prefab
  artifactKey: Guid(a504fbab63663ec41ae10e5076acd304) Importer(815301076,1909f56bfc062723c751e8b465ee728b)
Start importing Assets/Plugins/InsaneSystems/RTSStarterKit/Prefabs/UI Templates/CarryCellTemplate.prefab using Guid(a504fbab63663ec41ae10e5076acd304) Importer(815301076,1909f56bfc062723c751e8b465ee728b) (PreviewImporter) -> (artifact id: '9086068eb8fb78f3b420353cd046cb9f') in 0.0287275 seconds
Number of updated asset objects reloaded before import = 0Number of asset objects unloaded after import = 11

========================================================================
Received Import Request.
  Time since last request: 5.433769 seconds.
  path: Assets/Plugins/InsaneSystems/RTSStarterKit/Prefabs/Buildings/CommCenterBuilding.prefab
  artifactKey: Guid(7d2d46ca6e8c2ea40a562d13b7f63c06) Importer(815301076,1909f56bfc062723c751e8b465ee728b)
Start importing Assets/Plugins/InsaneSystems/RTSStarterKit/Prefabs/Buildings/CommCenterBuilding.prefab using Guid(7d2d46ca6e8c2ea40a562d13b7f63c06) Importer(815301076,1909f56bfc062723c751e8b465ee728b) (PreviewImporter) -> (artifact id: 'de5b6e29cd6984d600705432a00f052e') in 0.1429659 seconds
Internal: There are remaining Allocations on the JobTempAlloc. This is a leak, and will impact performance
To Debug, run app with -diag-job-temp-memory-leak-validation cmd line argument. This will output the callstacks of the leaked allocations.
Number of updated asset objects reloaded before import = 0Number of asset objects unloaded after import = 1447

========================================================================
Received Prepare
Assembly reference Packages/com.unity.entities/Unity.Scenes.Editor/Internals/Properties/Unity.Properties.Internals.asmref has no target assembly definition
Assembly reference Packages/com.unity.entities/Unity.Scenes.Editor/Internals/Properties/Unity.Properties.Internals.asmref has no target assembly definition
Begin MonoManager ReloadAssembly
- Loaded All Assemblies, in  0.554 seconds
Could not add platformSupportModule UnityEditor.WebGL.TargetExtension, try rebuilding the module: VTable setup of type UnityEditor.WebGL.TargetExtension failed
UnityEngine.Debug:ExtractStackTraceNoAlloc (byte*,int,string)
UnityEngine.StackTraceUtility:ExtractStackTrace ()
UnityEngine.DebugLogHandler:Internal_Log (UnityEngine.LogType,UnityEngine.LogOption,string,UnityEngine.Object)
UnityEngine.DebugLogHandler:LogFormat (UnityEngine.LogType,UnityEngine.Object,string,object[])
UnityEngine.Logger:Log (UnityEngine.LogType,object)
UnityEngine.Debug:LogError (object)
UnityEditor.Modules.ModuleManager:RegisterPlatformSupportModules ()
UnityEditor.Modules.ModuleManager:get_platformSupportModules ()
UnityEditor.Modules.ModuleManager:FindPlatformSupportModule (string)
UnityEditor.Scripting.ScriptCompilation.CustomScriptAssembly:.cctor ()
UnityEditor.Scripting.ScriptCompilation.LoadingAssemblyDefinition:LoadCustomScriptAssemblyFromJson (string,string,string)
UnityEditor.Scripting.ScriptCompilation.LoadingAssemblyDefinition:SetAllCustomScriptAssemblyJsonContents (string[],string[],string[])
UnityEditor.Scripting.ScriptCompilation.EditorCompilation:SetAllCustomScriptAssemblyJsonContents (string[],string[],string[])
UnityEditor.Scripting.ScriptCompilation.EditorCompilationInterface:SetAllCustomScriptAssemblyJsonContents (string[],string[],string[])

Assembly reference Packages/com.unity.entities/Unity.Scenes.Editor/Internals/Properties/Unity.Properties.Internals.asmref has no target assembly definition
Refreshing native plugins compatible for Editor in 0.68 ms, found 4 plugins.
Native extension for WindowsStandalone target not found
Assembly reference Packages/com.unity.entities/Unity.Scenes.Editor/Internals/Properties/Unity.Properties.Internals.asmref has no target assembly definition
Insane Systems RTS Starter Kit Initialized.
UnityEngine.Debug:ExtractStackTraceNoAlloc (byte*,int,string)
UnityEngine.StackTraceUtility:ExtractStackTrace ()
UnityEngine.DebugLogHandler:Internal_Log (UnityEngine.LogType,UnityEngine.LogOption,string,UnityEngine.Object)
UnityEngine.DebugLogHandler:LogFormat (UnityEngine.LogType,UnityEngine.Object,string,object[])
UnityEngine.Logger:Log (UnityEngine.LogType,object)
UnityEngine.Debug:Log (object)
InsaneSystems.RTSStarterKit.Startup:.cctor () (at Assets/Plugins/InsaneSystems/RTSStarterKit/Scripts/Editor/StartupConfigurator.cs:51)
System.Runtime.CompilerServices.RuntimeHelpers:RunClassConstructor (System.RuntimeTypeHandle)
UnityEditor.EditorAssemblies:ProcessInitializeOnLoadAttributes (System.Type[])

(Filename: Assets/Plugins/InsaneSystems/RTSStarterKit/Scripts/Editor/StartupConfigurator.cs Line: 51)

TypeManager.Initialize took: 223ms
Mono: successfully reloaded assembly
- Finished resetting the current domain, in  1.364 seconds
Domain Reload Profiling: 1918ms
	BeginReloadAssembly (150ms)
		ExecutionOrderSort (0ms)
		DisableScriptedObjects (4ms)
		BackupInstance (0ms)
		ReleaseScriptingObjects (0ms)
		CreateAndSetChildDomain (55ms)
	RebuildCommonClasses (23ms)
	RebuildNativeTypeToScriptingClass (9ms)
	initialDomainReloadingComplete (39ms)
	LoadAllAssembliesAndSetupDomain (332ms)
		LoadAssemblies (254ms)
		RebuildTransferFunctionScriptingTraits (0ms)
		AnalyzeDomain (140ms)
			TypeCache.Refresh (6ms)
				TypeCache.ScanAssembly (0ms)
			BuildScriptInfoCaches (125ms)
			ResolveRequiredComponents (5ms)
	FinalizeReload (1364ms)
		ReleaseScriptCaches (0ms)
		RebuildScriptCaches (0ms)
		SetupLoadedEditorAssemblies (1226ms)
			LogAssemblyErrors (0ms)
			InitializePlatformSupportModulesInManaged (1ms)
			SetLoadedEditorAssemblies (4ms)
			BeforeProcessingInitializeOnLoad (60ms)
			ProcessInitializeOnLoadAttributes (929ms)
			ProcessInitializeOnLoadMethodAttributes (227ms)
			AfterProcessingInitializeOnLoad (4ms)
			EditorAssembliesLoaded (0ms)
		ExecutionOrderSort2 (0ms)
		AwakeInstancesAfterBackupRestoration (5ms)
Refreshing native plugins compatible for Editor in 1.01 ms, found 4 plugins.
Preloading 0 native plugins for Editor in 0.00 ms.
Unloading 12 Unused Serialized files (Serialized files now loaded: 0)
Unloading 6572 unused Assets / (3.8 MB). Loaded Objects now: 7306.
Memory consumption went from 189.4 MB to 185.7 MB.
Total: 19.836100 ms (FindLiveObjects: 0.624200 ms CreateObjectMapping: 0.371300 ms MarkObjects: 16.673100 ms  DeleteObjects: 2.166400 ms)

Unloading 0 Unused Serialized files (Serialized files now loaded: 0)
Unloading 0 unused Assets / (4.4 MB). Loaded Objects now: 7306.
Memory consumption went from 185.6 MB to 181.3 MB.
Total: 16.409800 ms (FindLiveObjects: 0.292300 ms CreateObjectMapping: 0.179600 ms MarkObjects: 15.493700 ms  DeleteObjects: 0.442900 ms)

Prepare: number of updated asset objects reloaded= 0
========================================================================
Received Prepare
Refreshing native plugins compatible for Editor in 0.97 ms, found 4 plugins.
Preloading 0 native plugins for Editor in 0.00 ms.
Unloading 12 Unused Serialized files (Serialized files now loaded: 0)
Unloading 6432 unused Assets / (3.5 MB). Loaded Objects now: 7182.
Memory consumption went from 189.0 MB to 185.5 MB.
Total: 14.905400 ms (FindLiveObjects: 0.368400 ms CreateObjectMapping: 0.204900 ms MarkObjects: 13.000400 ms  DeleteObjects: 1.330900 ms)

Prepare: number of updated asset objects reloaded= 5
========================================================================
Received Prepare
Assembly reference Packages/com.unity.entities/Unity.Scenes.Editor/Internals/Properties/Unity.Properties.Internals.asmref has no target assembly definition
Assembly reference Packages/com.unity.entities/Unity.Scenes.Editor/Internals/Properties/Unity.Properties.Internals.asmref has no target assembly definition
Begin MonoManager ReloadAssembly
- Loaded All Assemblies, in  0.543 seconds
Could not add platformSupportModule UnityEditor.WebGL.TargetExtension, try rebuilding the module: VTable setup of type UnityEditor.WebGL.TargetExtension failed
UnityEngine.Debug:ExtractStackTraceNoAlloc (byte*,int,string)
UnityEngine.StackTraceUtility:ExtractStackTrace ()
UnityEngine.DebugLogHandler:Internal_Log (UnityEngine.LogType,UnityEngine.LogOption,string,UnityEngine.Object)
UnityEngine.DebugLogHandler:LogFormat (UnityEngine.LogType,UnityEngine.Object,string,object[])
UnityEngine.Logger:Log (UnityEngine.LogType,object)
UnityEngine.Debug:LogError (object)
UnityEditor.Modules.ModuleManager:RegisterPlatformSupportModules ()
UnityEditor.Modules.ModuleManager:get_platformSupportModules ()
UnityEditor.Modules.ModuleManager:FindPlatformSupportModule (string)
UnityEditor.Scripting.ScriptCompilation.CustomScriptAssembly:.cctor ()
UnityEditor.Scripting.ScriptCompilation.LoadingAssemblyDefinition:LoadCustomScriptAssemblyFromJson (string,string,string)
UnityEditor.Scripting.ScriptCompilation.LoadingAssemblyDefinition:SetAllCustomScriptAssemblyJsonContents (string[],string[],string[])
UnityEditor.Scripting.ScriptCompilation.EditorCompilation:SetAllCustomScriptAssemblyJsonContents (string[],string[],string[])
UnityEditor.Scripting.ScriptCompilation.EditorCompilationInterface:SetAllCustomScriptAssemblyJsonContents (string[],string[],string[])

Assembly reference Packages/com.unity.entities/Unity.Scenes.Editor/Internals/Properties/Unity.Properties.Internals.asmref has no target assembly definition
Refreshing native plugins compatible for Editor in 0.70 ms, found 4 plugins.
Native extension for WindowsStandalone target not found
Assembly reference Packages/com.unity.entities/Unity.Scenes.Editor/Internals/Properties/Unity.Properties.Internals.asmref has no target assembly definition
TypeManager.Initialize took: 182ms
Mono: successfully reloaded assembly
- Finished resetting the current domain, in  1.108 seconds
Domain Reload Profiling: 1652ms
	BeginReloadAssembly (145ms)
		ExecutionOrderSort (0ms)
		DisableScriptedObjects (4ms)
		BackupInstance (0ms)
		ReleaseScriptingObjects (0ms)
		CreateAndSetChildDomain (53ms)
	RebuildCommonClasses (25ms)
	RebuildNativeTypeToScriptingClass (9ms)
	initialDomainReloadingComplete (41ms)
	LoadAllAssembliesAndSetupDomain (324ms)
		LoadAssemblies (241ms)
		RebuildTransferFunctionScriptingTraits (0ms)
		AnalyzeDomain (142ms)
			TypeCache.Refresh (6ms)
				TypeCache.ScanAssembly (0ms)
			BuildScriptInfoCaches (127ms)
			ResolveRequiredComponents (6ms)
	FinalizeReload (1108ms)
		ReleaseScriptCaches (0ms)
		RebuildScriptCaches (0ms)
		SetupLoadedEditorAssemblies (984ms)
			LogAssemblyErrors (0ms)
			InitializePlatformSupportModulesInManaged (1ms)
			SetLoadedEditorAssemblies (3ms)
			BeforeProcessingInitializeOnLoad (47ms)
			ProcessInitializeOnLoadAttributes (768ms)
			ProcessInitializeOnLoadMethodAttributes (161ms)
			AfterProcessingInitializeOnLoad (3ms)
			EditorAssembliesLoaded (0ms)
		ExecutionOrderSort2 (0ms)
		AwakeInstancesAfterBackupRestoration (5ms)
Refreshing native plugins compatible for Editor in 0.74 ms, found 4 plugins.
Preloading 0 native plugins for Editor in 0.00 ms.
Unloading 12 Unused Serialized files (Serialized files now loaded: 0)
Unloading 6444 unused Assets / (3.5 MB). Loaded Objects now: 7180.
Memory consumption went from 190.8 MB to 187.3 MB.
Total: 14.763500 ms (FindLiveObjects: 0.351600 ms CreateObjectMapping: 0.207100 ms MarkObjects: 12.932200 ms  DeleteObjects: 1.271600 ms)

Unloading 0 Unused Serialized files (Serialized files now loaded: 0)
Unloading 0 unused Assets / (4.5 MB). Loaded Objects now: 7180.
Memory consumption went from 187.3 MB to 182.8 MB.
Total: 13.500100 ms (FindLiveObjects: 0.215500 ms CreateObjectMapping: 0.093900 ms MarkObjects: 12.755100 ms  DeleteObjects: 0.434600 ms)

Prepare: number of updated asset objects reloaded= 0
========================================================================
Received Import Request.
  Time since last request: 198.366486 seconds.
  path: Assets/Plugins/Toon_RTS/WesternKingdoms/prefabs/WK_Archer_B.prefab
  artifactKey: Guid(f148ba776fea9f04ba79f0b07f731491) Importer(815301076,1909f56bfc062723c751e8b465ee728b)
Start importing Assets/Plugins/Toon_RTS/WesternKingdoms/prefabs/WK_Archer_B.prefab using Guid(f148ba776fea9f04ba79f0b07f731491) Importer(815301076,1909f56bfc062723c751e8b465ee728b) (PreviewImporter) -> (artifact id: '36a3c17fbba18982ed64c0576386c405') in 0.1181047 seconds
Number of updated asset objects reloaded before import = 0Number of asset objects unloaded after import = 257

========================================================================
Received Import Request.
  Time since last request: 0.000014 seconds.
  path: Assets/Plugins/Toon_RTS/WesternKingdoms/prefabs/WK_Mage_B.prefab
  artifactKey: Guid(ac552497ecb06aa419acd3d0febcc682) Importer(815301076,1909f56bfc062723c751e8b465ee728b)
Start importing Assets/Plugins/Toon_RTS/WesternKingdoms/prefabs/WK_Mage_B.prefab using Guid(ac552497ecb06aa419acd3d0febcc682) Importer(815301076,1909f56bfc062723c751e8b465ee728b) (PreviewImporter) -> (artifact id: '582b52ebfcbdf96d2a03e5243570a2c1') in 0.0100946 seconds
Number of updated asset objects reloaded before import = 0Number of asset objects unloaded after import = 257

========================================================================
Received Import Request.
  Time since last request: 0.000017 seconds.
  path: Assets/Plugins/Toon_RTS/WesternKingdoms/prefabs/WK_Light_Infantry_A.prefab
  artifactKey: Guid(a56dfc257ad60804fa9870fefe4c41b8) Importer(815301076,1909f56bfc062723c751e8b465ee728b)
Start importing Assets/Plugins/Toon_RTS/WesternKingdoms/prefabs/WK_Light_Infantry_A.prefab using Guid(a56dfc257ad60804fa9870fefe4c41b8) Importer(815301076,1909f56bfc062723c751e8b465ee728b) (PreviewImporter) -> (artifact id: 'cb5e5debf4d07f1efeb6f6c6dd329ff7') in 0.0131592 seconds
Number of updated asset objects reloaded before import = 0Number of asset objects unloaded after import = 257

========================================================================
Received Import Request.
  Time since last request: 0.000010 seconds.
  path: Assets/Plugins/Toon_RTS/WesternKingdoms/prefabs/WK_Cavalry_Mage_A.prefab
  artifactKey: Guid(1008312574f3f9b428c956e38f8426ab) Importer(815301076,1909f56bfc062723c751e8b465ee728b)
Start importing Assets/Plugins/Toon_RTS/WesternKingdoms/prefabs/WK_Cavalry_Mage_A.prefab using Guid(1008312574f3f9b428c956e38f8426ab) Importer(815301076,1909f56bfc062723c751e8b465ee728b) (PreviewImporter) -> (artifact id: '554a57a9136347ad20159415eb737c0a') in 0.0131556 seconds
Number of updated asset objects reloaded before import = 0Number of asset objects unloaded after import = 324

========================================================================
Received Import Request.
  Time since last request: 0.000008 seconds.
  path: Assets/Plugins/Toon_RTS/WesternKingdoms/prefabs/WK_Heavy_Infantry_B.prefab
  artifactKey: Guid(69bf803abfb66254db19a2ec101c0702) Importer(815301076,1909f56bfc062723c751e8b465ee728b)
Start importing Assets/Plugins/Toon_RTS/WesternKingdoms/prefabs/WK_Heavy_Infantry_B.prefab using Guid(69bf803abfb66254db19a2ec101c0702) Importer(815301076,1909f56bfc062723c751e8b465ee728b) (PreviewImporter) -> (artifact id: '73a011032b6ac7e779b6a2939bc4518b') in 0.0106973 seconds
Number of updated asset objects reloaded before import = 0Number of asset objects unloaded after import = 257

========================================================================
Received Import Request.
  Time since last request: 0.000012 seconds.
  path: Assets/Plugins/Toon_RTS/WesternKingdoms/prefabs/WK_Cavalry_Heavy_A.prefab
  artifactKey: Guid(5528e9ad7f60b9b4ba6ea4fd8274c7ef) Importer(815301076,1909f56bfc062723c751e8b465ee728b)
Start importing Assets/Plugins/Toon_RTS/WesternKingdoms/prefabs/WK_Cavalry_Heavy_A.prefab using Guid(5528e9ad7f60b9b4ba6ea4fd8274c7ef) Importer(815301076,1909f56bfc062723c751e8b465ee728b) (PreviewImporter) -> (artifact id: '2f4b7bf0d96bd5c5f19c66bc8cdf7b00') in 0.0141557 seconds
Number of updated asset objects reloaded before import = 0Number of asset objects unloaded after import = 324

========================================================================
Received Import Request.
  Time since last request: 0.000012 seconds.
  path: Assets/Plugins/Toon_RTS/WesternKingdoms/prefabs/WK_Cavalry_Priest_A.prefab
  artifactKey: Guid(b3c4fd493f5e9664582faaca91857988) Importer(815301076,1909f56bfc062723c751e8b465ee728b)
Start importing Assets/Plugins/Toon_RTS/WesternKingdoms/prefabs/WK_Cavalry_Priest_A.prefab using Guid(b3c4fd493f5e9664582faaca91857988) Importer(815301076,1909f56bfc062723c751e8b465ee728b) (PreviewImporter) -> (artifact id: 'e3a14a62bf22af7cc777121898bff9db') in 0.0121279 seconds
Number of updated asset objects reloaded before import = 0Number of asset objects unloaded after import = 324

========================================================================
Received Import Request.
  Time since last request: 0.000013 seconds.
  path: Assets/Plugins/Toon_RTS/WesternKingdoms/prefabs/WK_Cavalry_Light_A.prefab
  artifactKey: Guid(28e3d803907a1ae43b2c3d28efcb7112) Importer(815301076,1909f56bfc062723c751e8b465ee728b)
Start importing Assets/Plugins/Toon_RTS/WesternKingdoms/prefabs/WK_Cavalry_Light_A.prefab using Guid(28e3d803907a1ae43b2c3d28efcb7112) Importer(815301076,1909f56bfc062723c751e8b465ee728b) (PreviewImporter) -> (artifact id: '11a20947305667056d506b139f89fc7e') in 0.0114345 seconds
Number of updated asset objects reloaded before import = 0Number of asset objects unloaded after import = 324

========================================================================
Received Import Request.
  Time since last request: 0.000011 seconds.
  path: Assets/Plugins/Toon_RTS/WesternKingdoms/prefabs/WK_Light_Infantry_B.prefab
  artifactKey: Guid(6b09c1ea1d4e30d4280224b592e9dcc6) Importer(815301076,1909f56bfc062723c751e8b465ee728b)
Start importing Assets/Plugins/Toon_RTS/WesternKingdoms/prefabs/WK_Light_Infantry_B.prefab using Guid(6b09c1ea1d4e30d4280224b592e9dcc6) Importer(815301076,1909f56bfc062723c751e8b465ee728b) (PreviewImporter) -> (artifact id: 'fc20394e64a2a11f5b5047cec70b6ac3') in 0.0117182 seconds
Number of updated asset objects reloaded before import = 0Number of asset objects unloaded after import = 257

========================================================================
Received Import Request.
  Time since last request: 0.000013 seconds.
  path: Assets/Plugins/Toon_RTS/WesternKingdoms/prefabs/WK_Cavalry_Archer_B.prefab
  artifactKey: Guid(9b9f48fde2ef49f489628b63f8428880) Importer(815301076,1909f56bfc062723c751e8b465ee728b)
Start importing Assets/Plugins/Toon_RTS/WesternKingdoms/prefabs/WK_Cavalry_Archer_B.prefab using Guid(9b9f48fde2ef49f489628b63f8428880) Importer(815301076,1909f56bfc062723c751e8b465ee728b) (PreviewImporter) -> (artifact id: '5f24a31c70b94a9298e322093ad9830f') in 0.0148485 seconds
Number of updated asset objects reloaded before import = 0Number of asset objects unloaded after import = 324

========================================================================
Received Import Request.
  Time since last request: 0.000012 seconds.
  path: Assets/Plugins/Toon_RTS/WesternKingdoms/prefabs/WK_Cavalry_Archer_A.prefab
  artifactKey: Guid(f750c67c7df92664788bc2d016a200a6) Importer(815301076,1909f56bfc062723c751e8b465ee728b)
Start importing Assets/Plugins/Toon_RTS/WesternKingdoms/prefabs/WK_Cavalry_Archer_A.prefab using Guid(f750c67c7df92664788bc2d016a200a6) Importer(815301076,1909f56bfc062723c751e8b465ee728b) (PreviewImporter) -> (artifact id: 'ec859518e97e93a519ad02f085acad17') in 0.009525 seconds
Number of updated asset objects reloaded before import = 0Number of asset objects unloaded after import = 324

========================================================================
Received Import Request.
  Time since last request: 0.000011 seconds.
  path: Assets/Plugins/Toon_RTS/WesternKingdoms/prefabs/WK_Cavalry_Priest_B.prefab
  artifactKey: Guid(b8cf37e23268adf45ab79ece53c026c5) Importer(815301076,1909f56bfc062723c751e8b465ee728b)
Start importing Assets/Plugins/Toon_RTS/WesternKingdoms/prefabs/WK_Cavalry_Priest_B.prefab using Guid(b8cf37e23268adf45ab79ece53c026c5) Importer(815301076,1909f56bfc062723c751e8b465ee728b) (PreviewImporter) -> (artifact id: 'da9132267a95b63a324a3ef3064a5a56') in 0.0111322 seconds
Number of updated asset objects reloaded before import = 0Number of asset objects unloaded after import = 324

Editor requested this worker to shutdown with reason: Scaling down because of idle timeout
AssetImportWorker is now disconnected from the server
Process exiting
Exiting without the bug reporter. Application will terminate with return code 0