Using pre-set license
Built from 'trunk' branch; Version is '6000.0.20f1 (05208a74e9aa) revision 336010'; Using compiler version '193933523'; Build Type 'Release'
OS: 'Windows 11  (10.0.22631) 64bit Professional' Language: 'ru' Physical Memory: 65386 MB
BatchMode: 1, IsHumanControllingUs: 0, StartBugReporterOnCrash: 0, Is64bit: 1, IsPro: 1

COMMAND LINE ARGUMENTS:
C:\Program Files\Unity\Hub\Editor\6000.0.20f1\Editor\Unity.exe
-adb2
-batchMode
-noUpm
-name
AssetImportWorker3
-projectPath
P:/gameDev/Underground/Underground/Underground
-logFile
Logs/AssetImportWorker3.log
-srvPort
3771
-job-worker-count
9
-background-job-worker-count
8
-asset-garbage-collectors
1
Successfully changed project path to: P:/gameDev/Underground/Underground/Underground
P:/gameDev/Underground/Underground/Underground
[UnityMemory] Configuration Parameters - Can be set up in boot.config
    "memorysetup-bucket-allocator-granularity=16"
    "memorysetup-bucket-allocator-bucket-count=8"
    "memorysetup-bucket-allocator-block-size=33554432"
    "memorysetup-bucket-allocator-block-count=8"
    "memorysetup-main-allocator-block-size=16777216"
    "memorysetup-thread-allocator-block-size=16777216"
    "memorysetup-gfx-main-allocator-block-size=16777216"
    "memorysetup-gfx-thread-allocator-block-size=16777216"
    "memorysetup-cache-allocator-block-size=4194304"
    "memorysetup-typetree-allocator-block-size=2097152"
    "memorysetup-profiler-bucket-allocator-granularity=16"
    "memorysetup-profiler-bucket-allocator-bucket-count=8"
    "memorysetup-profiler-bucket-allocator-block-size=33554432"
    "memorysetup-profiler-bucket-allocator-block-count=8"
    "memorysetup-profiler-allocator-block-size=16777216"
    "memorysetup-profiler-editor-allocator-block-size=1048576"
    "memorysetup-temp-allocator-size-main=16777216"
    "memorysetup-job-temp-allocator-block-size=2097152"
    "memorysetup-job-temp-allocator-block-size-background=1048576"
    "memorysetup-job-temp-allocator-reduction-small-platforms=262144"
    "memorysetup-allocator-temp-initial-block-size-main=262144"
    "memorysetup-allocator-temp-initial-block-size-worker=262144"
    "memorysetup-temp-allocator-size-background-worker=32768"
    "memorysetup-temp-allocator-size-job-worker=262144"
    "memorysetup-temp-allocator-size-preload-manager=33554432"
    "memorysetup-temp-allocator-size-nav-mesh-worker=65536"
    "memorysetup-temp-allocator-size-audio-worker=65536"
    "memorysetup-temp-allocator-size-cloud-worker=32768"
    "memorysetup-temp-allocator-size-gi-baking-worker=262144"
    "memorysetup-temp-allocator-size-gi-baking-worker=262144"
    "memorysetup-temp-allocator-size-gi-baking-worker=262144"
    "memorysetup-temp-allocator-size-gi-baking-worker=262144"
    "memorysetup-temp-allocator-size-gi-baking-worker=262144"
    "memorysetup-temp-allocator-size-gfx=262144"
Player connection [30992]  Target information:

Player connection [30992]  * "[IP] 192.168.0.123 [Port] 0 [Flags] 2 [Guid] 27723840 [EditorId] 27723840 [Version] 1048832 [Id] WindowsEditor(7,Saymyname) [Debug] 1 [PackageName] WindowsEditor [ProjectName] Editor" 

Player connection [30992] Host joined multi-casting on [225.0.0.222:54997]...
Player connection [30992] Host joined alternative multi-casting on [225.0.0.222:34997]...
JobSystem: Creating JobQueue using job-worker-count value 9
[Physics::Module] Initialized fallback backend.
[Physics::Module] Id: 0xdecafbad
Library Redirect Path: Library/
[Physics::Module] Selected backend.
[Physics::Module] Name: PhysX
[Physics::Module] Id: 0xf2b8ea05
[Physics::Module] SDK Version: 4.1.2
[Physics::Module] Integration Version: 1.0.0
[Physics::Module] Threading Mode: Multi-Threaded
Refreshing native plugins compatible for Editor in 2.98 ms, found 9 plugins.
Preloading 1 native plugins for Editor in 1.26 ms.
Initialize engine version: 6000.0.20f1 (05208a74e9aa)
[Subsystems] Discovering subsystems at path C:/Program Files/Unity/Hub/Editor/6000.0.20f1/Editor/Data/Resources/UnitySubsystems
[Subsystems] Discovering subsystems at path P:/gameDev/Underground/Underground/Underground/Assets
GfxDevice: creating device client; kGfxThreadingModeNonThreaded
Direct3D:
    Version:  Direct3D 11.0 [level 11.1]
    Renderer: NVIDIA GeForce RTX 4080 (ID=0x2704)
    Vendor:   NVIDIA
    VRAM:     16050 MB
    Driver:   32.0.15.6109
Initialize mono
Mono path[0] = 'C:/Program Files/Unity/Hub/Editor/6000.0.20f1/Editor/Data/Managed'
Mono path[1] = 'C:/Program Files/Unity/Hub/Editor/6000.0.20f1/Editor/Data/MonoBleedingEdge/lib/mono/unityjit-win32'
Mono config path = 'C:/Program Files/Unity/Hub/Editor/6000.0.20f1/Editor/Data/MonoBleedingEdge/etc'
Using monoOptions --debugger-agent=transport=dt_socket,embedding=1,server=y,suspend=n,address=127.0.0.1:56272
Begin MonoManager ReloadAssembly
Registering precompiled unity dll's ...
Register platform support module: C:/Program Files/Unity/Hub/Editor/6000.0.20f1/Editor/Data/PlaybackEngines/WebGLSupport/UnityEditor.WebGL.Extensions.dll
Register platform support module: C:/Program Files/Unity/Hub/Editor/6000.0.20f1/Editor/Data/PlaybackEngines/WindowsStandaloneSupport/UnityEditor.WindowsStandalone.Extensions.dll
Registered in 0.002219 seconds.
- Loaded All Assemblies, in  0.250 seconds
Native extension for WindowsStandalone target not found
Native extension for WebGL target not found
Mono: successfully reloaded assembly
- Finished resetting the current domain, in  0.241 seconds
Domain Reload Profiling: 489ms
	BeginReloadAssembly (86ms)
		ExecutionOrderSort (0ms)
		DisableScriptedObjects (0ms)
		BackupInstance (0ms)
		ReleaseScriptingObjects (0ms)
		CreateAndSetChildDomain (0ms)
	RebuildCommonClasses (24ms)
	RebuildNativeTypeToScriptingClass (7ms)
	initialDomainReloadingComplete (33ms)
	LoadAllAssembliesAndSetupDomain (98ms)
		LoadAssemblies (84ms)
		RebuildTransferFunctionScriptingTraits (0ms)
		AnalyzeDomain (96ms)
			TypeCache.Refresh (95ms)
				TypeCache.ScanAssembly (87ms)
			BuildScriptInfoCaches (0ms)
			ResolveRequiredComponents (0ms)
	FinalizeReload (241ms)
		ReleaseScriptCaches (0ms)
		RebuildScriptCaches (0ms)
		SetupLoadedEditorAssemblies (204ms)
			LogAssemblyErrors (0ms)
			InitializePlatformSupportModulesInManaged (18ms)
			SetLoadedEditorAssemblies (4ms)
			BeforeProcessingInitializeOnLoad (5ms)
			ProcessInitializeOnLoadAttributes (131ms)
			ProcessInitializeOnLoadMethodAttributes (43ms)
			AfterProcessingInitializeOnLoad (2ms)
			EditorAssembliesLoaded (0ms)
		ExecutionOrderSort2 (0ms)
		AwakeInstancesAfterBackupRestoration (0ms)
Assembly reference Packages/com.unity.entities/Unity.Scenes.Editor/Internals/Properties/Unity.Properties.Internals.asmref has no target assembly definition
========================================================================
Worker process is ready to serve import requests
Import Worker Mode flag is 0x00
Assembly reference Packages/com.unity.entities/Unity.Scenes.Editor/Internals/Properties/Unity.Properties.Internals.asmref has no target assembly definition
Assembly reference Packages/com.unity.entities/Unity.Scenes.Editor/Internals/Properties/Unity.Properties.Internals.asmref has no target assembly definition
Begin MonoManager ReloadAssembly
Symbol file LoadedFromMemory is not a mono symbol file
- Loaded All Assemblies, in  0.954 seconds
Assembly reference Packages/com.unity.entities/Unity.Scenes.Editor/Internals/Properties/Unity.Properties.Internals.asmref has no target assembly definition
Refreshing native plugins compatible for Editor in 3.00 ms, found 9 plugins.
Native extension for WindowsStandalone target not found
Native extension for WebGL target not found
Assembly reference Packages/com.unity.entities/Unity.Scenes.Editor/Internals/Properties/Unity.Properties.Internals.asmref has no target assembly definition
TypeManager.Initialize took: 241ms
Launched and connected shader compiler UnityShaderCompiler.exe after 0.01 seconds
Mono: successfully reloaded assembly
- Finished resetting the current domain, in  1.719 seconds
Domain Reload Profiling: 2671ms
	BeginReloadAssembly (265ms)
		ExecutionOrderSort (0ms)
		DisableScriptedObjects (5ms)
		BackupInstance (0ms)
		ReleaseScriptingObjects (0ms)
		CreateAndSetChildDomain (19ms)
	RebuildCommonClasses (25ms)
	RebuildNativeTypeToScriptingClass (8ms)
	initialDomainReloadingComplete (49ms)
	LoadAllAssembliesAndSetupDomain (604ms)
		LoadAssemblies (330ms)
		RebuildTransferFunctionScriptingTraits (0ms)
		AnalyzeDomain (342ms)
			TypeCache.Refresh (255ms)
				TypeCache.ScanAssembly (238ms)
			BuildScriptInfoCaches (75ms)
			ResolveRequiredComponents (9ms)
	FinalizeReload (1720ms)
		ReleaseScriptCaches (0ms)
		RebuildScriptCaches (0ms)
		SetupLoadedEditorAssemblies (1551ms)
			LogAssemblyErrors (0ms)
			InitializePlatformSupportModulesInManaged (2ms)
			SetLoadedEditorAssemblies (4ms)
			BeforeProcessingInitializeOnLoad (84ms)
			ProcessInitializeOnLoadAttributes (1002ms)
			ProcessInitializeOnLoadMethodAttributes (455ms)
			AfterProcessingInitializeOnLoad (5ms)
			EditorAssembliesLoaded (0ms)
		ExecutionOrderSort2 (0ms)
		AwakeInstancesAfterBackupRestoration (3ms)
Refreshing native plugins compatible for Editor in 4.54 ms, found 9 plugins.
Preloading 1 native plugins for Editor in 0.03 ms.
Unloading 212 Unused Serialized files (Serialized files now loaded: 0)
Unloading 10625 unused Assets / (7.9 MB). Loaded Objects now: 11449.
Memory consumption went from 261.4 MB to 253.5 MB.
Total: 31.034400 ms (FindLiveObjects: 0.860300 ms CreateObjectMapping: 0.759900 ms MarkObjects: 25.922200 ms  DeleteObjects: 3.490500 ms)

========================================================================
Received Import Request.
  Time since last request: 879076.888719 seconds.
  path: Assets/Assets3D/ToonyTinyPeople/TT_RTS/TT_RTS_Standard/models/buildings/Farm.FBX
  artifactKey: Guid(520e20395d1150a4c94174228bde0499) Importer(815301076,1909f56bfc062723c751e8b465ee728b)
Start importing Assets/Assets3D/ToonyTinyPeople/TT_RTS/TT_RTS_Standard/models/buildings/Farm.FBX using Guid(520e20395d1150a4c94174228bde0499) Importer(815301076,1909f56bfc062723c751e8b465ee728b) (PreviewImporter) -> (artifact id: 'b0537600167e7f78beb6ed4fe451d51a') in 0.1365262 seconds
Number of updated asset objects reloaded before import = 0Number of asset objects unloaded after import = 10

========================================================================
Received Import Request.
  Time since last request: 0.000012 seconds.
  path: Assets/Assets3D/ToonyTinyPeople/TT_RTS/TT_RTS_Standard/models/buildings/Granary.FBX
  artifactKey: Guid(aec20226064bbcc4d850e8da90e49a4b) Importer(815301076,1909f56bfc062723c751e8b465ee728b)
Start importing Assets/Assets3D/ToonyTinyPeople/TT_RTS/TT_RTS_Standard/models/buildings/Granary.FBX using Guid(aec20226064bbcc4d850e8da90e49a4b) Importer(815301076,1909f56bfc062723c751e8b465ee728b) (PreviewImporter) -> (artifact id: '175a5892ca00595c850bf8ae6a716b27') in 0.0101559 seconds
Number of updated asset objects reloaded before import = 0Number of asset objects unloaded after import = 10

========================================================================
Received Import Request.
  Time since last request: 0.000015 seconds.
  path: Assets/Assets3D/ToonyTinyPeople/TT_RTS/TT_RTS_Standard/models/buildings/Tower_A.FBX
  artifactKey: Guid(5921e45280d702e44ad0fb582ac16d26) Importer(815301076,1909f56bfc062723c751e8b465ee728b)
Start importing Assets/Assets3D/ToonyTinyPeople/TT_RTS/TT_RTS_Standard/models/buildings/Tower_A.FBX using Guid(5921e45280d702e44ad0fb582ac16d26) Importer(815301076,1909f56bfc062723c751e8b465ee728b) (PreviewImporter) -> (artifact id: '448ec927ee4eb4dd579c7f318a8d32e2') in 0.0097586 seconds
Number of updated asset objects reloaded before import = 0Number of asset objects unloaded after import = 10

========================================================================
Received Import Request.
  Time since last request: 0.000021 seconds.
  path: Assets/Assets3D/ToonyTinyPeople/TT_RTS/TT_RTS_Standard/models/buildings/Tower_B.FBX
  artifactKey: Guid(f38b9a56b23e4df499eaede1c2276296) Importer(815301076,1909f56bfc062723c751e8b465ee728b)
Start importing Assets/Assets3D/ToonyTinyPeople/TT_RTS/TT_RTS_Standard/models/buildings/Tower_B.FBX using Guid(f38b9a56b23e4df499eaede1c2276296) Importer(815301076,1909f56bfc062723c751e8b465ee728b) (PreviewImporter) -> (artifact id: '8b1016fdc3538dc482a7a94ecf1e1e2e') in 0.0095227 seconds
Number of updated asset objects reloaded before import = 0Number of asset objects unloaded after import = 10

========================================================================
Received Import Request.
  Time since last request: 2.672356 seconds.
  path: Assets/Assets3D/ToonyTinyPeople/TT_RTS/TT_RTS_Standard/models/buildings/construction/Blacksmith_0.FBX
  artifactKey: Guid(16c16ea3927925b4a85067b12080333d) Importer(815301076,1909f56bfc062723c751e8b465ee728b)
Start importing Assets/Assets3D/ToonyTinyPeople/TT_RTS/TT_RTS_Standard/models/buildings/construction/Blacksmith_0.FBX using Guid(16c16ea3927925b4a85067b12080333d) Importer(815301076,1909f56bfc062723c751e8b465ee728b) (PreviewImporter) -> (artifact id: 'cdf6ef0a7b7b80e193995d0971fa8a75') in 0.0119115 seconds
Number of updated asset objects reloaded before import = 0Number of asset objects unloaded after import = 10

========================================================================
Received Import Request.
  Time since last request: 0.000010 seconds.
  path: Assets/Assets3D/ToonyTinyPeople/TT_RTS/TT_RTS_Standard/models/buildings/construction/House_1.FBX
  artifactKey: Guid(b1ff534b3931e674e8e475faa59eb659) Importer(815301076,1909f56bfc062723c751e8b465ee728b)
Start importing Assets/Assets3D/ToonyTinyPeople/TT_RTS/TT_RTS_Standard/models/buildings/construction/House_1.FBX using Guid(b1ff534b3931e674e8e475faa59eb659) Importer(815301076,1909f56bfc062723c751e8b465ee728b) (PreviewImporter) -> (artifact id: 'aa324d8356f26e5ee38511ada4d6301d') in 0.0102224 seconds
Number of updated asset objects reloaded before import = 0Number of asset objects unloaded after import = 10

========================================================================
Received Import Request.
  Time since last request: 0.000013 seconds.
  path: Assets/Assets3D/ToonyTinyPeople/TT_RTS/TT_RTS_Standard/models/buildings/construction/Granary_1.FBX
  artifactKey: Guid(25ef05172876b8742b290e10ba4393cf) Importer(815301076,1909f56bfc062723c751e8b465ee728b)
Start importing Assets/Assets3D/ToonyTinyPeople/TT_RTS/TT_RTS_Standard/models/buildings/construction/Granary_1.FBX using Guid(25ef05172876b8742b290e10ba4393cf) Importer(815301076,1909f56bfc062723c751e8b465ee728b) (PreviewImporter) -> (artifact id: 'fda1b9e56548bb7c544ee2ce780003d2') in 0.0091829 seconds
Number of updated asset objects reloaded before import = 0Number of asset objects unloaded after import = 10

========================================================================
Received Import Request.
  Time since last request: 0.000010 seconds.
  path: Assets/Assets3D/ToonyTinyPeople/TT_RTS/TT_RTS_Standard/models/buildings/construction/Castle_0.FBX
  artifactKey: Guid(ee920d8c79ea3684abbabe92ec16e8c4) Importer(815301076,1909f56bfc062723c751e8b465ee728b)
Start importing Assets/Assets3D/ToonyTinyPeople/TT_RTS/TT_RTS_Standard/models/buildings/construction/Castle_0.FBX using Guid(ee920d8c79ea3684abbabe92ec16e8c4) Importer(815301076,1909f56bfc062723c751e8b465ee728b) (PreviewImporter) -> (artifact id: '58b5fa1e8f56e7ea72cc6757c47db74d') in 0.0089493 seconds
Number of updated asset objects reloaded before import = 0Number of asset objects unloaded after import = 10

========================================================================
Received Import Request.
  Time since last request: 0.000015 seconds.
  path: Assets/Assets3D/ToonyTinyPeople/TT_RTS/TT_RTS_Standard/models/buildings/construction/Farm_0.FBX
  artifactKey: Guid(1b468518a5f1b10489a754019fbd290c) Importer(815301076,1909f56bfc062723c751e8b465ee728b)
Start importing Assets/Assets3D/ToonyTinyPeople/TT_RTS/TT_RTS_Standard/models/buildings/construction/Farm_0.FBX using Guid(1b468518a5f1b10489a754019fbd290c) Importer(815301076,1909f56bfc062723c751e8b465ee728b) (PreviewImporter) -> (artifact id: 'd3e0fd948da8d48ca4f147dfb867ace4') in 0.0087503 seconds
Number of updated asset objects reloaded before import = 0Number of asset objects unloaded after import = 10

========================================================================
Received Import Request.
  Time since last request: 0.000015 seconds.
  path: Assets/Assets3D/ToonyTinyPeople/TT_RTS/TT_RTS_Standard/models/buildings/construction/Keep_0.FBX
  artifactKey: Guid(9f1a76b274a57c841b1aa03e7c5e5200) Importer(815301076,1909f56bfc062723c751e8b465ee728b)
Start importing Assets/Assets3D/ToonyTinyPeople/TT_RTS/TT_RTS_Standard/models/buildings/construction/Keep_0.FBX using Guid(9f1a76b274a57c841b1aa03e7c5e5200) Importer(815301076,1909f56bfc062723c751e8b465ee728b) (PreviewImporter) -> (artifact id: '54abea3ec023d6d75e5b1ce913ea86ee') in 0.0082526 seconds
Number of updated asset objects reloaded before import = 0Number of asset objects unloaded after import = 10

========================================================================
Received Import Request.
  Time since last request: 0.444565 seconds.
  path: Assets/Assets3D/ToonyTinyPeople/TT_RTS/TT_RTS_Standard/models/buildings/construction/TownHall_1.FBX
  artifactKey: Guid(1fa72418f34eb6d42adaa061aa64c0d9) Importer(815301076,1909f56bfc062723c751e8b465ee728b)
Start importing Assets/Assets3D/ToonyTinyPeople/TT_RTS/TT_RTS_Standard/models/buildings/construction/TownHall_1.FBX using Guid(1fa72418f34eb6d42adaa061aa64c0d9) Importer(815301076,1909f56bfc062723c751e8b465ee728b) (PreviewImporter) -> (artifact id: '5dc5515b3d62d1e78b88125e8321915b') in 0.0089763 seconds
Number of updated asset objects reloaded before import = 0Number of asset objects unloaded after import = 10

========================================================================
Received Import Request.
  Time since last request: 0.323667 seconds.
  path: Assets/Assets3D/ToonyTinyPeople/TT_RTS/TT_RTS_Standard/models/buildings/construction/Wall_A_gate_1.FBX
  artifactKey: Guid(caa0b36c4f60f7b47a461c12cd9fe8cd) Importer(815301076,1909f56bfc062723c751e8b465ee728b)
Start importing Assets/Assets3D/ToonyTinyPeople/TT_RTS/TT_RTS_Standard/models/buildings/construction/Wall_A_gate_1.FBX using Guid(caa0b36c4f60f7b47a461c12cd9fe8cd) Importer(815301076,1909f56bfc062723c751e8b465ee728b) (PreviewImporter) -> (artifact id: '338f509b97696d1ee5b47b5cfd19c31f') in 0.0106767 seconds
Number of updated asset objects reloaded before import = 0Number of asset objects unloaded after import = 10

========================================================================
Received Import Request.
  Time since last request: 0.080165 seconds.
  path: Assets/Assets3D/ToonyTinyPeople/TT_RTS/TT_RTS_Standard/models/buildings/construction/Wall_B_corner_1.FBX
  artifactKey: Guid(2537389e7f9749544a04f0d6a3b0b5c8) Importer(815301076,1909f56bfc062723c751e8b465ee728b)
Start importing Assets/Assets3D/ToonyTinyPeople/TT_RTS/TT_RTS_Standard/models/buildings/construction/Wall_B_corner_1.FBX using Guid(2537389e7f9749544a04f0d6a3b0b5c8) Importer(815301076,1909f56bfc062723c751e8b465ee728b) (PreviewImporter) -> (artifact id: 'f272f4f9e87b901a4cf8e04cb9a006b8') in 0.0104925 seconds
Number of updated asset objects reloaded before import = 0Number of asset objects unloaded after import = 10

========================================================================
Received Import Request.
  Time since last request: 0.472783 seconds.
  path: Assets/Assets3D/ToonyTinyPeople/TT_RTS/TT_RTS_Standard/models/buildings/construction/Workshop_1.FBX
  artifactKey: Guid(de6238c57a8f0ac478c92903b1b153cc) Importer(815301076,1909f56bfc062723c751e8b465ee728b)
Start importing Assets/Assets3D/ToonyTinyPeople/TT_RTS/TT_RTS_Standard/models/buildings/construction/Workshop_1.FBX using Guid(de6238c57a8f0ac478c92903b1b153cc) Importer(815301076,1909f56bfc062723c751e8b465ee728b) (PreviewImporter) -> (artifact id: '260c142869434c9c615d0a0827827bef') in 0.0094703 seconds
Number of updated asset objects reloaded before import = 0Number of asset objects unloaded after import = 10

========================================================================
Received Import Request.
  Time since last request: 189.623080 seconds.
  path: Assets/Assets3D/Toon_RTS/WesternKingdoms/models/extra models/equipment/WK_weapon_axe_B.FBX
  artifactKey: Guid(2792cfcba08254e4eba21b986a35d434) Importer(815301076,1909f56bfc062723c751e8b465ee728b)
Start importing Assets/Assets3D/Toon_RTS/WesternKingdoms/models/extra models/equipment/WK_weapon_axe_B.FBX using Guid(2792cfcba08254e4eba21b986a35d434) Importer(815301076,1909f56bfc062723c751e8b465ee728b) (PreviewImporter) -> (artifact id: '1c553c3069392c33e0785495e2b1844a') in 0.0082995 seconds
Number of updated asset objects reloaded before import = 0Number of asset objects unloaded after import = 7

========================================================================
Received Import Request.
  Time since last request: 0.006113 seconds.
  path: Assets/Assets3D/Toon_RTS/WesternKingdoms/models/extra models/equipment/WK_weapon_hammer_A.FBX
  artifactKey: Guid(e928fcc706d35164091f251e10601602) Importer(815301076,1909f56bfc062723c751e8b465ee728b)
Start importing Assets/Assets3D/Toon_RTS/WesternKingdoms/models/extra models/equipment/WK_weapon_hammer_A.FBX using Guid(e928fcc706d35164091f251e10601602) Importer(815301076,1909f56bfc062723c751e8b465ee728b) (PreviewImporter) -> (artifact id: '613c9e16c90e016dea1c7281f8568984') in 0.0065009 seconds
Number of updated asset objects reloaded before import = 0Number of asset objects unloaded after import = 7

========================================================================
Received Import Request.
  Time since last request: 0.011038 seconds.
  path: Assets/Assets3D/Toon_RTS/WesternKingdoms/models/extra models/equipment/WK_weapon_staff_B.FBX
  artifactKey: Guid(b198f761ce6d8b14d9bf31dde6c95a90) Importer(815301076,1909f56bfc062723c751e8b465ee728b)
Start importing Assets/Assets3D/Toon_RTS/WesternKingdoms/models/extra models/equipment/WK_weapon_staff_B.FBX using Guid(b198f761ce6d8b14d9bf31dde6c95a90) Importer(815301076,1909f56bfc062723c751e8b465ee728b) (PreviewImporter) -> (artifact id: 'ca69a2d3117d5608b0d0ff3b2de84985') in 0.0062824 seconds
Number of updated asset objects reloaded before import = 0Number of asset objects unloaded after import = 7

========================================================================
Received Import Request.
  Time since last request: 0.000012 seconds.
  path: Assets/Assets3D/Toon_RTS/WesternKingdoms/models/extra models/WK_wood.FBX
  artifactKey: Guid(bfbcee1bb5b52ce4c83b28f46bda00c5) Importer(815301076,1909f56bfc062723c751e8b465ee728b)
Start importing Assets/Assets3D/Toon_RTS/WesternKingdoms/models/extra models/WK_wood.FBX using Guid(bfbcee1bb5b52ce4c83b28f46bda00c5) Importer(815301076,1909f56bfc062723c751e8b465ee728b) (PreviewImporter) -> (artifact id: '148222b6ed2607d61aac8746fef5cde3') in 0.0064565 seconds
Number of updated asset objects reloaded before import = 0Number of asset objects unloaded after import = 7

========================================================================
Received Import Request.
  Time since last request: 0.000010 seconds.
  path: Assets/Assets3D/Toon_RTS/WesternKingdoms/models/extra models/equipment/WK_weapon_sword_A.FBX
  artifactKey: Guid(ac9529d18a53faa489a50f99516712b4) Importer(815301076,1909f56bfc062723c751e8b465ee728b)
Start importing Assets/Assets3D/Toon_RTS/WesternKingdoms/models/extra models/equipment/WK_weapon_sword_A.FBX using Guid(ac9529d18a53faa489a50f99516712b4) Importer(815301076,1909f56bfc062723c751e8b465ee728b) (PreviewImporter) -> (artifact id: '96745faa7ae41d6bfe6e58e2207aaaa2') in 0.0065587 seconds
Number of updated asset objects reloaded before import = 0Number of asset objects unloaded after import = 7

========================================================================
Received Import Request.
  Time since last request: 0.000010 seconds.
  path: Assets/Assets3D/Toon_RTS/WesternKingdoms/models/single_mesh/WK_Worker_A.FBX
  artifactKey: Guid(338526d958364ce498d44a37fde27d6c) Importer(815301076,1909f56bfc062723c751e8b465ee728b)
Start importing Assets/Assets3D/Toon_RTS/WesternKingdoms/models/single_mesh/WK_Worker_A.FBX using Guid(338526d958364ce498d44a37fde27d6c) Importer(815301076,1909f56bfc062723c751e8b465ee728b) (PreviewImporter) -> (artifact id: 'acab1cb214eb925dc6ae38bfb96e26ec') in 0.0181843 seconds
Number of updated asset objects reloaded before import = 0Number of asset objects unloaded after import = 56

========================================================================
Received Import Request.
  Time since last request: 0.000018 seconds.
  path: Assets/Assets3D/Toon_RTS/WesternKingdoms/models/extra models/equipment/WK_Xtra_quiver.FBX
  artifactKey: Guid(44e72d18fe2cd63478ace0b3d380373b) Importer(815301076,1909f56bfc062723c751e8b465ee728b)
Start importing Assets/Assets3D/Toon_RTS/WesternKingdoms/models/extra models/equipment/WK_Xtra_quiver.FBX using Guid(44e72d18fe2cd63478ace0b3d380373b) Importer(815301076,1909f56bfc062723c751e8b465ee728b) (PreviewImporter) -> (artifact id: 'b8b01a0293e09cca982a0c466d42c393') in 0.007079 seconds
Number of updated asset objects reloaded before import = 0Number of asset objects unloaded after import = 7

========================================================================
Received Import Request.
  Time since last request: 0.000016 seconds.
  path: Assets/Assets3D/Toon_RTS/WesternKingdoms/models/extra models/equipment/WK_weapon_Bow.FBX
  artifactKey: Guid(fa7ecf99112b61541bbadb5260b26265) Importer(815301076,1909f56bfc062723c751e8b465ee728b)
Start importing Assets/Assets3D/Toon_RTS/WesternKingdoms/models/extra models/equipment/WK_weapon_Bow.FBX using Guid(fa7ecf99112b61541bbadb5260b26265) Importer(815301076,1909f56bfc062723c751e8b465ee728b) (PreviewImporter) -> (artifact id: '703c55fd4bb03b52e95a50620f361a41') in 0.0065081 seconds
Number of updated asset objects reloaded before import = 0Number of asset objects unloaded after import = 7

========================================================================
Received Import Request.
  Time since last request: 0.000026 seconds.
  path: Assets/Assets3D/Toon_RTS/WesternKingdoms/models/extra models/equipment/WK_weapon_pick.FBX
  artifactKey: Guid(ea8e98f1c7c6f3143ab6e290dca73b53) Importer(815301076,1909f56bfc062723c751e8b465ee728b)
Start importing Assets/Assets3D/Toon_RTS/WesternKingdoms/models/extra models/equipment/WK_weapon_pick.FBX using Guid(ea8e98f1c7c6f3143ab6e290dca73b53) Importer(815301076,1909f56bfc062723c751e8b465ee728b) (PreviewImporter) -> (artifact id: '05f5e0f614b109c2cf2c30b62cb6a627') in 0.0066857 seconds
Number of updated asset objects reloaded before import = 0Number of asset objects unloaded after import = 7

========================================================================
Received Import Request.
  Time since last request: 13.743015 seconds.
  path: Assets/Assets3D/Toon_RTS/WesternKingdoms/models/single_mesh/WK_Spearman_B.FBX
  artifactKey: Guid(51c32b75e944beb418fb51ae5b1129bf) Importer(815301076,1909f56bfc062723c751e8b465ee728b)
Start importing Assets/Assets3D/Toon_RTS/WesternKingdoms/models/single_mesh/WK_Spearman_B.FBX using Guid(51c32b75e944beb418fb51ae5b1129bf) Importer(815301076,1909f56bfc062723c751e8b465ee728b) (PreviewImporter) -> (artifact id: '2792598b2c02226451e90ad645434f7e') in 0.0241136 seconds
Number of updated asset objects reloaded before import = 0Number of asset objects unloaded after import = 56

========================================================================
Received Prepare
Refreshing native plugins compatible for Editor in 4.85 ms, found 9 plugins.
Preloading 1 native plugins for Editor in 0.03 ms.
Unloading 43 Unused Serialized files (Serialized files now loaded: 0)
Unloading 10594 unused Assets / (8.7 MB). Loaded Objects now: 11464.
Memory consumption went from 226.9 MB to 218.2 MB.
Total: 42.391700 ms (FindLiveObjects: 1.071200 ms CreateObjectMapping: 0.586200 ms MarkObjects: 36.016700 ms  DeleteObjects: 4.716200 ms)

Prepare: number of updated asset objects reloaded= 0
========================================================================
Received Prepare
Assembly reference Packages/com.unity.entities/Unity.Scenes.Editor/Internals/Properties/Unity.Properties.Internals.asmref has no target assembly definition
Assembly reference Packages/com.unity.entities/Unity.Scenes.Editor/Internals/Properties/Unity.Properties.Internals.asmref has no target assembly definition
Begin MonoManager ReloadAssembly
Symbol file LoadedFromMemory is not a mono symbol file
- Loaded All Assemblies, in  0.845 seconds
Assembly reference Packages/com.unity.entities/Unity.Scenes.Editor/Internals/Properties/Unity.Properties.Internals.asmref has no target assembly definition
Refreshing native plugins compatible for Editor in 2.01 ms, found 9 plugins.
Native extension for WindowsStandalone target not found
Native extension for WebGL target not found
Assembly reference Packages/com.unity.entities/Unity.Scenes.Editor/Internals/Properties/Unity.Properties.Internals.asmref has no target assembly definition
TypeManager.Initialize took: 296ms
Mono: successfully reloaded assembly
- Finished resetting the current domain, in  1.554 seconds
Domain Reload Profiling: 2401ms
	BeginReloadAssembly (180ms)
		ExecutionOrderSort (0ms)
		DisableScriptedObjects (7ms)
		BackupInstance (0ms)
		ReleaseScriptingObjects (0ms)
		CreateAndSetChildDomain (78ms)
	RebuildCommonClasses (24ms)
	RebuildNativeTypeToScriptingClass (9ms)
	initialDomainReloadingComplete (40ms)
	LoadAllAssembliesAndSetupDomain (593ms)
		LoadAssemblies (409ms)
		RebuildTransferFunctionScriptingTraits (0ms)
		AnalyzeDomain (244ms)
			TypeCache.Refresh (12ms)
				TypeCache.ScanAssembly (1ms)
			BuildScriptInfoCaches (218ms)
			ResolveRequiredComponents (10ms)
	FinalizeReload (1555ms)
		ReleaseScriptCaches (0ms)
		RebuildScriptCaches (0ms)
		SetupLoadedEditorAssemblies (1401ms)
			LogAssemblyErrors (0ms)
			InitializePlatformSupportModulesInManaged (2ms)
			SetLoadedEditorAssemblies (4ms)
			BeforeProcessingInitializeOnLoad (70ms)
			ProcessInitializeOnLoadAttributes (1005ms)
			ProcessInitializeOnLoadMethodAttributes (316ms)
			AfterProcessingInitializeOnLoad (5ms)
			EditorAssembliesLoaded (0ms)
		ExecutionOrderSort2 (0ms)
		AwakeInstancesAfterBackupRestoration (4ms)
Refreshing native plugins compatible for Editor in 2.24 ms, found 9 plugins.
Preloading 1 native plugins for Editor in 0.02 ms.
Unloading 44 Unused Serialized files (Serialized files now loaded: 0)
Unloading 10627 unused Assets / (7.8 MB). Loaded Objects now: 11466.
Memory consumption went from 235.4 MB to 227.6 MB.
Total: 20.039900 ms (FindLiveObjects: 0.588800 ms CreateObjectMapping: 0.408600 ms MarkObjects: 16.952900 ms  DeleteObjects: 2.088000 ms)

Unloading 0 Unused Serialized files (Serialized files now loaded: 0)
Unloading 0 unused Assets / (8.0 MB). Loaded Objects now: 11466.
Memory consumption went from 227.5 MB to 219.6 MB.
Total: 15.782700 ms (FindLiveObjects: 0.333400 ms CreateObjectMapping: 0.153500 ms MarkObjects: 14.660200 ms  DeleteObjects: 0.634600 ms)

Prepare: number of updated asset objects reloaded= 0
========================================================================
Received Prepare
Assembly reference Packages/com.unity.entities/Unity.Scenes.Editor/Internals/Properties/Unity.Properties.Internals.asmref has no target assembly definition
Assembly reference Packages/com.unity.entities/Unity.Scenes.Editor/Internals/Properties/Unity.Properties.Internals.asmref has no target assembly definition
Begin MonoManager ReloadAssembly
Symbol file LoadedFromMemory is not a mono symbol file
- Loaded All Assemblies, in  0.692 seconds
Assembly reference Packages/com.unity.entities/Unity.Scenes.Editor/Internals/Properties/Unity.Properties.Internals.asmref has no target assembly definition
Refreshing native plugins compatible for Editor in 2.98 ms, found 9 plugins.
Native extension for WindowsStandalone target not found
Native extension for WebGL target not found
Assembly reference Packages/com.unity.entities/Unity.Scenes.Editor/Internals/Properties/Unity.Properties.Internals.asmref has no target assembly definition
TypeManager.Initialize took: 243ms
Mono: successfully reloaded assembly
- Finished resetting the current domain, in  1.604 seconds
Domain Reload Profiling: 2298ms
	BeginReloadAssembly (162ms)
		ExecutionOrderSort (0ms)
		DisableScriptedObjects (5ms)
		BackupInstance (0ms)
		ReleaseScriptingObjects (0ms)
		CreateAndSetChildDomain (66ms)
	RebuildCommonClasses (22ms)
	RebuildNativeTypeToScriptingClass (9ms)
	initialDomainReloadingComplete (39ms)
	LoadAllAssembliesAndSetupDomain (461ms)
		LoadAssemblies (287ms)
		RebuildTransferFunctionScriptingTraits (0ms)
		AnalyzeDomain (234ms)
			TypeCache.Refresh (7ms)
				TypeCache.ScanAssembly (0ms)
			BuildScriptInfoCaches (215ms)
			ResolveRequiredComponents (9ms)
	FinalizeReload (1605ms)
		ReleaseScriptCaches (0ms)
		RebuildScriptCaches (0ms)
		SetupLoadedEditorAssemblies (1427ms)
			LogAssemblyErrors (0ms)
			InitializePlatformSupportModulesInManaged (3ms)
			SetLoadedEditorAssemblies (3ms)
			BeforeProcessingInitializeOnLoad (71ms)
			ProcessInitializeOnLoadAttributes (987ms)
			ProcessInitializeOnLoadMethodAttributes (358ms)
			AfterProcessingInitializeOnLoad (6ms)
			EditorAssembliesLoaded (0ms)
		ExecutionOrderSort2 (0ms)
		AwakeInstancesAfterBackupRestoration (4ms)
Refreshing native plugins compatible for Editor in 2.81 ms, found 9 plugins.
Preloading 1 native plugins for Editor in 0.02 ms.
Unloading 44 Unused Serialized files (Serialized files now loaded: 0)
Unloading 10626 unused Assets / (7.7 MB). Loaded Objects now: 11470.
Memory consumption went from 238.4 MB to 230.7 MB.
Total: 21.079900 ms (FindLiveObjects: 0.565400 ms CreateObjectMapping: 0.468600 ms MarkObjects: 17.718700 ms  DeleteObjects: 2.326500 ms)

Unloading 0 Unused Serialized files (Serialized files now loaded: 0)
Unloading 0 unused Assets / (7.3 MB). Loaded Objects now: 11470.
Memory consumption went from 229.9 MB to 222.5 MB.
Total: 20.002900 ms (FindLiveObjects: 0.386700 ms CreateObjectMapping: 0.389800 ms MarkObjects: 18.360000 ms  DeleteObjects: 0.864000 ms)

Prepare: number of updated asset objects reloaded= 0
========================================================================
Received Prepare
Assembly reference Packages/com.unity.entities/Unity.Scenes.Editor/Internals/Properties/Unity.Properties.Internals.asmref has no target assembly definition
Assembly reference Packages/com.unity.entities/Unity.Scenes.Editor/Internals/Properties/Unity.Properties.Internals.asmref has no target assembly definition
Begin MonoManager ReloadAssembly
Symbol file LoadedFromMemory is not a mono symbol file
- Loaded All Assemblies, in  0.693 seconds
Assembly reference Packages/com.unity.entities/Unity.Scenes.Editor/Internals/Properties/Unity.Properties.Internals.asmref has no target assembly definition
Refreshing native plugins compatible for Editor in 2.00 ms, found 9 plugins.
Native extension for WindowsStandalone target not found
Native extension for WebGL target not found
Assembly reference Packages/com.unity.entities/Unity.Scenes.Editor/Internals/Properties/Unity.Properties.Internals.asmref has no target assembly definition
TypeManager.Initialize took: 246ms
Mono: successfully reloaded assembly
- Finished resetting the current domain, in  1.562 seconds
Domain Reload Profiling: 2257ms
	BeginReloadAssembly (169ms)
		ExecutionOrderSort (0ms)
		DisableScriptedObjects (5ms)
		BackupInstance (0ms)
		ReleaseScriptingObjects (0ms)
		CreateAndSetChildDomain (73ms)
	RebuildCommonClasses (21ms)
	RebuildNativeTypeToScriptingClass (9ms)
	initialDomainReloadingComplete (39ms)
	LoadAllAssembliesAndSetupDomain (455ms)
		LoadAssemblies (286ms)
		RebuildTransferFunctionScriptingTraits (0ms)
		AnalyzeDomain (228ms)
			TypeCache.Refresh (7ms)
				TypeCache.ScanAssembly (0ms)
			BuildScriptInfoCaches (208ms)
			ResolveRequiredComponents (9ms)
	FinalizeReload (1563ms)
		ReleaseScriptCaches (0ms)
		RebuildScriptCaches (0ms)
		SetupLoadedEditorAssemblies (1395ms)
			LogAssemblyErrors (0ms)
			InitializePlatformSupportModulesInManaged (2ms)
			SetLoadedEditorAssemblies (3ms)
			BeforeProcessingInitializeOnLoad (63ms)
			ProcessInitializeOnLoadAttributes (944ms)
			ProcessInitializeOnLoadMethodAttributes (378ms)
			AfterProcessingInitializeOnLoad (6ms)
			EditorAssembliesLoaded (0ms)
		ExecutionOrderSort2 (0ms)
		AwakeInstancesAfterBackupRestoration (5ms)
Refreshing native plugins compatible for Editor in 2.64 ms, found 9 plugins.
Preloading 1 native plugins for Editor in 0.02 ms.
Unloading 44 Unused Serialized files (Serialized files now loaded: 0)
Unloading 10626 unused Assets / (7.6 MB). Loaded Objects now: 11474.
Memory consumption went from 240.3 MB to 232.7 MB.
Total: 20.675500 ms (FindLiveObjects: 0.566800 ms CreateObjectMapping: 0.397200 ms MarkObjects: 17.275300 ms  DeleteObjects: 2.435300 ms)

Unloading 0 Unused Serialized files (Serialized files now loaded: 0)
Unloading 0 unused Assets / (8.2 MB). Loaded Objects now: 11474.
Memory consumption went from 232.7 MB to 224.5 MB.
Total: 18.010500 ms (FindLiveObjects: 0.355700 ms CreateObjectMapping: 0.181300 ms MarkObjects: 16.711300 ms  DeleteObjects: 0.760900 ms)

Prepare: number of updated asset objects reloaded= 0
========================================================================
Received Import Request.
  Time since last request: 1292.144168 seconds.
  path: Assets/Assets3D/Low-Poly Medieval Market/Prefabs/anvil_with_hammer.prefab
  artifactKey: Guid(6d67954ed62957c4f84494d247a82f57) Importer(815301076,1909f56bfc062723c751e8b465ee728b)
Start importing Assets/Assets3D/Low-Poly Medieval Market/Prefabs/anvil_with_hammer.prefab using Guid(6d67954ed62957c4f84494d247a82f57) Importer(815301076,1909f56bfc062723c751e8b465ee728b) (PreviewImporter) -> (artifact id: '5b9a43948f3327406147b5c914751106') in 0.1014741 seconds
Number of updated asset objects reloaded before import = 0Number of asset objects unloaded after import = 17

========================================================================
Received Import Request.
  Time since last request: 0.000021 seconds.
  path: Assets/Assets3D/Low-Poly Medieval Market/Prefabs/cake.prefab
  artifactKey: Guid(42b20d68150a40f44ac9cd9a29123d7e) Importer(815301076,1909f56bfc062723c751e8b465ee728b)
Start importing Assets/Assets3D/Low-Poly Medieval Market/Prefabs/cake.prefab using Guid(42b20d68150a40f44ac9cd9a29123d7e) Importer(815301076,1909f56bfc062723c751e8b465ee728b) (PreviewImporter) -> (artifact id: '290fae93008415cf029bcace4bdbaa0a') in 0.0150394 seconds
Number of updated asset objects reloaded before import = 0Number of asset objects unloaded after import = 10

========================================================================
Received Import Request.
  Time since last request: 0.000011 seconds.
  path: Assets/Assets3D/Low-Poly Medieval Market/Prefabs/basket_02.prefab
  artifactKey: Guid(cae6c4613f2320a489d33d30973a48ad) Importer(815301076,1909f56bfc062723c751e8b465ee728b)
Start importing Assets/Assets3D/Low-Poly Medieval Market/Prefabs/basket_02.prefab using Guid(cae6c4613f2320a489d33d30973a48ad) Importer(815301076,1909f56bfc062723c751e8b465ee728b) (PreviewImporter) -> (artifact id: 'ce80c7ee4b2c9e12bbbd58a1ebe53742') in 0.0112187 seconds
Number of updated asset objects reloaded before import = 0Number of asset objects unloaded after import = 10

========================================================================
Received Import Request.
  Time since last request: 0.000012 seconds.
  path: Assets/Assets3D/Low-Poly Medieval Market/Prefabs/bag.prefab
  artifactKey: Guid(e75203ad640d6aa4890f0c17e26e0046) Importer(815301076,1909f56bfc062723c751e8b465ee728b)
Start importing Assets/Assets3D/Low-Poly Medieval Market/Prefabs/bag.prefab using Guid(e75203ad640d6aa4890f0c17e26e0046) Importer(815301076,1909f56bfc062723c751e8b465ee728b) (PreviewImporter) -> (artifact id: 'f06cb64665d9bc9ff3e4605a003ef46f') in 0.0122436 seconds
Number of updated asset objects reloaded before import = 0Number of asset objects unloaded after import = 10

========================================================================
Received Import Request.
  Time since last request: 0.000017 seconds.
  path: Assets/Assets3D/Low-Poly Medieval Market/Prefabs/egg_brown.prefab
  artifactKey: Guid(8c0494df984b65947bcccebd74b1898c) Importer(815301076,1909f56bfc062723c751e8b465ee728b)
Start importing Assets/Assets3D/Low-Poly Medieval Market/Prefabs/egg_brown.prefab using Guid(8c0494df984b65947bcccebd74b1898c) Importer(815301076,1909f56bfc062723c751e8b465ee728b) (PreviewImporter) -> (artifact id: 'b5893d588c7981c712d2107561fbe1e8') in 0.0125641 seconds
Number of updated asset objects reloaded before import = 0Number of asset objects unloaded after import = 10

========================================================================
Received Import Request.
  Time since last request: 0.000019 seconds.
  path: Assets/Assets3D/Low-Poly Medieval Market/Prefabs/BakeryMarket_no_dop.prefab
  artifactKey: Guid(9cafa2109de9ae34db13b9d62a853d48) Importer(815301076,1909f56bfc062723c751e8b465ee728b)
Start importing Assets/Assets3D/Low-Poly Medieval Market/Prefabs/BakeryMarket_no_dop.prefab using Guid(9cafa2109de9ae34db13b9d62a853d48) Importer(815301076,1909f56bfc062723c751e8b465ee728b) (PreviewImporter) -> (artifact id: '156e701828081d0cd22391a222dbe797') in 0.0117081 seconds
Number of updated asset objects reloaded before import = 0Number of asset objects unloaded after import = 10

========================================================================
Received Import Request.
  Time since last request: 0.000017 seconds.
  path: Assets/Assets3D/Low-Poly Medieval Market/Prefabs/BakeryMarket.prefab
  artifactKey: Guid(d9d36dec935d2024a9a49f82ed879fc6) Importer(815301076,1909f56bfc062723c751e8b465ee728b)
Start importing Assets/Assets3D/Low-Poly Medieval Market/Prefabs/BakeryMarket.prefab using Guid(d9d36dec935d2024a9a49f82ed879fc6) Importer(815301076,1909f56bfc062723c751e8b465ee728b) (PreviewImporter) -> (artifact id: '245d23760c42a358cae533c05b70652e') in 0.0109745 seconds
Number of updated asset objects reloaded before import = 0Number of asset objects unloaded after import = 15

========================================================================
Received Import Request.
  Time since last request: 0.000018 seconds.
  path: Assets/Assets3D/Low-Poly Medieval Market/Prefabs/basket_01.prefab
  artifactKey: Guid(e5af6012e68646a41bccc9e94919379e) Importer(815301076,1909f56bfc062723c751e8b465ee728b)
Start importing Assets/Assets3D/Low-Poly Medieval Market/Prefabs/basket_01.prefab using Guid(e5af6012e68646a41bccc9e94919379e) Importer(815301076,1909f56bfc062723c751e8b465ee728b) (PreviewImporter) -> (artifact id: '7b37e1375f30396ce93c609cfe470535') in 0.0154788 seconds
Number of updated asset objects reloaded before import = 0Number of asset objects unloaded after import = 10

========================================================================
Received Import Request.
  Time since last request: 0.000015 seconds.
  path: Assets/Assets3D/Low-Poly Medieval Market/Prefabs/coin.prefab
  artifactKey: Guid(74aaf32e479743b44a6c0abdd1c1ed35) Importer(815301076,1909f56bfc062723c751e8b465ee728b)
Start importing Assets/Assets3D/Low-Poly Medieval Market/Prefabs/coin.prefab using Guid(74aaf32e479743b44a6c0abdd1c1ed35) Importer(815301076,1909f56bfc062723c751e8b465ee728b) (PreviewImporter) -> (artifact id: 'd842770c3e73364b1a6ffb08b655d7ac') in 0.0094249 seconds
Number of updated asset objects reloaded before import = 0Number of asset objects unloaded after import = 10

========================================================================
Received Import Request.
  Time since last request: 0.000016 seconds.
  path: Assets/Assets3D/Low-Poly Medieval Market/Prefabs/bananas_box.prefab
  artifactKey: Guid(f9d69a5c9bffe874f8d3098830fabf72) Importer(815301076,1909f56bfc062723c751e8b465ee728b)
Start importing Assets/Assets3D/Low-Poly Medieval Market/Prefabs/bananas_box.prefab using Guid(f9d69a5c9bffe874f8d3098830fabf72) Importer(815301076,1909f56bfc062723c751e8b465ee728b) (PreviewImporter) -> (artifact id: '3862017060fb075c71dfe7905c459bb5') in 0.014008 seconds
Number of updated asset objects reloaded before import = 0Number of asset objects unloaded after import = 198

========================================================================
Received Import Request.
  Time since last request: 0.000015 seconds.
  path: Assets/Assets3D/Low-Poly Medieval Market/Prefabs/apple_box.prefab
  artifactKey: Guid(b9065c1bddd69ca4ab2c37b9cbfe2ab1) Importer(815301076,1909f56bfc062723c751e8b465ee728b)
Start importing Assets/Assets3D/Low-Poly Medieval Market/Prefabs/apple_box.prefab using Guid(b9065c1bddd69ca4ab2c37b9cbfe2ab1) Importer(815301076,1909f56bfc062723c751e8b465ee728b) (PreviewImporter) -> (artifact id: '0bc25eadc044f6d582b96fb94dbb3ad1') in 0.0113157 seconds
Number of updated asset objects reloaded before import = 0Number of asset objects unloaded after import = 86

========================================================================
Received Import Request.
  Time since last request: 0.000013 seconds.
  path: Assets/Assets3D/Low-Poly Medieval Market/Prefabs/candy_jar.prefab
  artifactKey: Guid(cc636e0732ee2af4a9d048b3539a69e1) Importer(815301076,1909f56bfc062723c751e8b465ee728b)
Start importing Assets/Assets3D/Low-Poly Medieval Market/Prefabs/candy_jar.prefab using Guid(cc636e0732ee2af4a9d048b3539a69e1) Importer(815301076,1909f56bfc062723c751e8b465ee728b) (PreviewImporter) -> (artifact id: '9762b50f9de26076696e634155c1a222') in 0.0094812 seconds
Number of updated asset objects reloaded before import = 0Number of asset objects unloaded after import = 10

========================================================================
Received Import Request.
  Time since last request: 0.000012 seconds.
  path: Assets/Assets3D/Low-Poly Medieval Market/Prefabs/cutting_board.prefab
  artifactKey: Guid(b9a4d5ebb017da24099508f9580133f8) Importer(815301076,1909f56bfc062723c751e8b465ee728b)
Start importing Assets/Assets3D/Low-Poly Medieval Market/Prefabs/cutting_board.prefab using Guid(b9a4d5ebb017da24099508f9580133f8) Importer(815301076,1909f56bfc062723c751e8b465ee728b) (PreviewImporter) -> (artifact id: '19409bb18a0eddbedff2509f75e4cbf8') in 0.0101361 seconds
Number of updated asset objects reloaded before import = 0Number of asset objects unloaded after import = 10

========================================================================
Received Import Request.
  Time since last request: 27.027293 seconds.
  path: Assets/Assets3D/Low-Poly Medieval Market/Prefabs/Armor_stand.prefab
  artifactKey: Guid(d6069e64bf7bd3b48a0548283484d8fc) Importer(815301076,1909f56bfc062723c751e8b465ee728b)
Start importing Assets/Assets3D/Low-Poly Medieval Market/Prefabs/Armor_stand.prefab using Guid(d6069e64bf7bd3b48a0548283484d8fc) Importer(815301076,1909f56bfc062723c751e8b465ee728b) (PreviewImporter) -> (artifact id: 'c71532f1964a1809212b666a23489923') in 0.0206212 seconds
Number of updated asset objects reloaded before import = 0Number of asset objects unloaded after import = 46

========================================================================
Received Import Request.
  Time since last request: 0.000012 seconds.
  path: Assets/Assets3D/Low-Poly Medieval Market/Prefabs/cleaver.prefab
  artifactKey: Guid(5a520c173ee63aa478171f69422ddc10) Importer(815301076,1909f56bfc062723c751e8b465ee728b)
Start importing Assets/Assets3D/Low-Poly Medieval Market/Prefabs/cleaver.prefab using Guid(5a520c173ee63aa478171f69422ddc10) Importer(815301076,1909f56bfc062723c751e8b465ee728b) (PreviewImporter) -> (artifact id: '2b611d234f14b07864302df5d7e71a9a') in 0.0114184 seconds
Number of updated asset objects reloaded before import = 0Number of asset objects unloaded after import = 10

========================================================================
Received Import Request.
  Time since last request: 0.000015 seconds.
  path: Assets/Assets3D/Low-Poly Medieval Market/Prefabs/cookies.prefab
  artifactKey: Guid(6a759dcb2b687cc43b7528b5eac955bb) Importer(815301076,1909f56bfc062723c751e8b465ee728b)
Start importing Assets/Assets3D/Low-Poly Medieval Market/Prefabs/cookies.prefab using Guid(6a759dcb2b687cc43b7528b5eac955bb) Importer(815301076,1909f56bfc062723c751e8b465ee728b) (PreviewImporter) -> (artifact id: '0bf5a72871a09ba491f8daa5269f0250') in 0.0118516 seconds
Number of updated asset objects reloaded before import = 0Number of asset objects unloaded after import = 44

========================================================================
Received Import Request.
  Time since last request: 0.000012 seconds.
  path: Assets/Assets3D/Low-Poly Medieval Market/Prefabs/bag.prefab
  artifactKey: Guid(e75203ad640d6aa4890f0c17e26e0046) Importer(815301076,1909f56bfc062723c751e8b465ee728b)
Start importing Assets/Assets3D/Low-Poly Medieval Market/Prefabs/bag.prefab using Guid(e75203ad640d6aa4890f0c17e26e0046) Importer(815301076,1909f56bfc062723c751e8b465ee728b) (PreviewImporter) -> (artifact id: '440d311c0b0116f6bc53af90d80f4bac') in 0.0099255 seconds
Number of updated asset objects reloaded before import = 0Number of asset objects unloaded after import = 9

========================================================================
Received Import Request.
  Time since last request: 0.000019 seconds.
  path: Assets/Assets3D/Low-Poly Medieval Market/Prefabs/BakeryMarket_no_dop.prefab
  artifactKey: Guid(9cafa2109de9ae34db13b9d62a853d48) Importer(815301076,1909f56bfc062723c751e8b465ee728b)
Start importing Assets/Assets3D/Low-Poly Medieval Market/Prefabs/BakeryMarket_no_dop.prefab using Guid(9cafa2109de9ae34db13b9d62a853d48) Importer(815301076,1909f56bfc062723c751e8b465ee728b) (PreviewImporter) -> (artifact id: 'd17a19fa9b04eeb91be5a273af36a712') in 0.010575 seconds
Number of updated asset objects reloaded before import = 0Number of asset objects unloaded after import = 10

========================================================================
Received Import Request.
  Time since last request: 0.000020 seconds.
  path: Assets/Assets3D/Low-Poly Medieval Market/Prefabs/basin_with_meat.prefab
  artifactKey: Guid(8e76eadee9b185f4fa619417a094e0cd) Importer(815301076,1909f56bfc062723c751e8b465ee728b)
Start importing Assets/Assets3D/Low-Poly Medieval Market/Prefabs/basin_with_meat.prefab using Guid(8e76eadee9b185f4fa619417a094e0cd) Importer(815301076,1909f56bfc062723c751e8b465ee728b) (PreviewImporter) -> (artifact id: 'e1019786a941e8a87a35519bac732573') in 0.0137177 seconds
Number of updated asset objects reloaded before import = 0Number of asset objects unloaded after import = 61

========================================================================
Received Import Request.
  Time since last request: 0.000012 seconds.
  path: Assets/Assets3D/Low-Poly Medieval Market/Prefabs/box_with_fish.prefab
  artifactKey: Guid(73a9ab3e0680d24459b8cc6ef9809672) Importer(815301076,1909f56bfc062723c751e8b465ee728b)
Start importing Assets/Assets3D/Low-Poly Medieval Market/Prefabs/box_with_fish.prefab using Guid(73a9ab3e0680d24459b8cc6ef9809672) Importer(815301076,1909f56bfc062723c751e8b465ee728b) (PreviewImporter) -> (artifact id: '148fcf6cbf01f17ed2188594811518e1') in 0.0201561 seconds
Number of updated asset objects reloaded before import = 0Number of asset objects unloaded after import = 71

========================================================================
Received Import Request.
  Time since last request: 7.507059 seconds.
  path: Assets/Assets3D/Low-Poly Medieval Market/Prefabs/basket_01.prefab
  artifactKey: Guid(e5af6012e68646a41bccc9e94919379e) Importer(815301076,1909f56bfc062723c751e8b465ee728b)
Start importing Assets/Assets3D/Low-Poly Medieval Market/Prefabs/basket_01.prefab using Guid(e5af6012e68646a41bccc9e94919379e) Importer(815301076,1909f56bfc062723c751e8b465ee728b) (PreviewImporter) -> (artifact id: '72dd184da2d75332a217b55df5689a59') in 0.0619365 seconds
Number of updated asset objects reloaded before import = 0Number of asset objects unloaded after import = 9

========================================================================
Received Import Request.
  Time since last request: 0.000016 seconds.
  path: Assets/Assets3D/Low-Poly Medieval Market/Prefabs/candy_jar.prefab
  artifactKey: Guid(cc636e0732ee2af4a9d048b3539a69e1) Importer(815301076,1909f56bfc062723c751e8b465ee728b)
Start importing Assets/Assets3D/Low-Poly Medieval Market/Prefabs/candy_jar.prefab using Guid(cc636e0732ee2af4a9d048b3539a69e1) Importer(815301076,1909f56bfc062723c751e8b465ee728b) (PreviewImporter) -> (artifact id: 'd8425d23168cd2098d5ddae981ee8552') in 0.0321699 seconds
Number of updated asset objects reloaded before import = 0Number of asset objects unloaded after import = 9

========================================================================
Received Import Request.
  Time since last request: 0.472544 seconds.
  path: Assets/Assets3D/Low-Poly Medieval Market/Prefabs/fish_knife.prefab
  artifactKey: Guid(343d04653a7bd604f91f1395a049ba38) Importer(815301076,1909f56bfc062723c751e8b465ee728b)
Start importing Assets/Assets3D/Low-Poly Medieval Market/Prefabs/fish_knife.prefab using Guid(343d04653a7bd604f91f1395a049ba38) Importer(815301076,1909f56bfc062723c751e8b465ee728b) (PreviewImporter) -> (artifact id: '4e6b1978562756df67710ca5ec53bf1a') in 0.0127582 seconds
Number of updated asset objects reloaded before import = 0Number of asset objects unloaded after import = 10

========================================================================
Received Import Request.
  Time since last request: 0.025176 seconds.
  path: Assets/Assets3D/Low-Poly Medieval Market/Prefabs/fish_twisted_02.prefab
  artifactKey: Guid(25cf72de2a9eff945a3eea4ee1c034af) Importer(815301076,1909f56bfc062723c751e8b465ee728b)
Start importing Assets/Assets3D/Low-Poly Medieval Market/Prefabs/fish_twisted_02.prefab using Guid(25cf72de2a9eff945a3eea4ee1c034af) Importer(815301076,1909f56bfc062723c751e8b465ee728b) (PreviewImporter) -> (artifact id: 'ac674fd39c5f2c0e49a3a14cbd7a1cea') in 0.0113748 seconds
Number of updated asset objects reloaded before import = 0Number of asset objects unloaded after import = 10

========================================================================
Received Import Request.
  Time since last request: 3.715603 seconds.
  path: Assets/Assets3D/Low-Poly Medieval Market/Prefabs/fish.prefab
  artifactKey: Guid(a0345e1ce04d44947b508fbb0489ea35) Importer(815301076,1909f56bfc062723c751e8b465ee728b)
Start importing Assets/Assets3D/Low-Poly Medieval Market/Prefabs/fish.prefab using Guid(a0345e1ce04d44947b508fbb0489ea35) Importer(815301076,1909f56bfc062723c751e8b465ee728b) (PreviewImporter) -> (artifact id: '63e268d0e07afafb432d38a207c0d44b') in 0.0114077 seconds
Number of updated asset objects reloaded before import = 0Number of asset objects unloaded after import = 9

========================================================================
Received Import Request.
  Time since last request: 0.000012 seconds.
  path: Assets/Assets3D/Low-Poly Medieval Market/Prefabs/fish_market.prefab
  artifactKey: Guid(c702d9f2cdb3c5c4e8c8c1b713a0881b) Importer(815301076,1909f56bfc062723c751e8b465ee728b)
Start importing Assets/Assets3D/Low-Poly Medieval Market/Prefabs/fish_market.prefab using Guid(c702d9f2cdb3c5c4e8c8c1b713a0881b) Importer(815301076,1909f56bfc062723c751e8b465ee728b) (PreviewImporter) -> (artifact id: '4a165c3ef39ccd5073c29199dcef1a57') in 0.0106752 seconds
Number of updated asset objects reloaded before import = 0Number of asset objects unloaded after import = 9

========================================================================
Received Import Request.
  Time since last request: 0.587345 seconds.
  path: Assets/Assets3D/Low-Poly Medieval Market/Prefabs/meat_hanger.prefab
  artifactKey: Guid(bb394513995282642807388586408f37) Importer(815301076,1909f56bfc062723c751e8b465ee728b)
Start importing Assets/Assets3D/Low-Poly Medieval Market/Prefabs/meat_hanger.prefab using Guid(bb394513995282642807388586408f37) Importer(815301076,1909f56bfc062723c751e8b465ee728b) (PreviewImporter) -> (artifact id: 'ded4b2dd278e7850ddbdc9a3448bb4ef') in 0.012009 seconds
Number of updated asset objects reloaded before import = 0Number of asset objects unloaded after import = 9

========================================================================
Received Import Request.
  Time since last request: 0.273460 seconds.
  path: Assets/Assets3D/Low-Poly Medieval Market/Prefabs/pie.prefab
  artifactKey: Guid(b0cef7e2d44ba0d44b0ba7953ccdbcad) Importer(815301076,1909f56bfc062723c751e8b465ee728b)
Start importing Assets/Assets3D/Low-Poly Medieval Market/Prefabs/pie.prefab using Guid(b0cef7e2d44ba0d44b0ba7953ccdbcad) Importer(815301076,1909f56bfc062723c751e8b465ee728b) (PreviewImporter) -> (artifact id: '6afab3b486ad9a32a34c0ebccd96f107') in 0.0147672 seconds
Number of updated asset objects reloaded before import = 0Number of asset objects unloaded after import = 9

========================================================================
Received Import Request.
  Time since last request: 0.000667 seconds.
  path: Assets/Assets3D/Low-Poly Medieval Market/Prefabs/pretzel_box.prefab
  artifactKey: Guid(c13aa8e236f8e5c43bcd9dc7046042fd) Importer(815301076,1909f56bfc062723c751e8b465ee728b)
Start importing Assets/Assets3D/Low-Poly Medieval Market/Prefabs/pretzel_box.prefab using Guid(c13aa8e236f8e5c43bcd9dc7046042fd) Importer(815301076,1909f56bfc062723c751e8b465ee728b) (PreviewImporter) -> (artifact id: '8e9188c5f4c225f6572df28138d047a1') in 0.0182725 seconds
Number of updated asset objects reloaded before import = 0Number of asset objects unloaded after import = 70

========================================================================
Received Import Request.
  Time since last request: 0.000015 seconds.
  path: Assets/Assets3D/Low-Poly Medieval Market/Prefabs/section_01_with_fish.prefab
  artifactKey: Guid(c393582f3dda77341b5257312849c644) Importer(815301076,1909f56bfc062723c751e8b465ee728b)
Start importing Assets/Assets3D/Low-Poly Medieval Market/Prefabs/section_01_with_fish.prefab using Guid(c393582f3dda77341b5257312849c644) Importer(815301076,1909f56bfc062723c751e8b465ee728b) (PreviewImporter) -> (artifact id: 'c89c36ef5810b1b1b0aed445c1ebd539') in 0.0114717 seconds
Number of updated asset objects reloaded before import = 0Number of asset objects unloaded after import = 64

========================================================================
Received Import Request.
  Time since last request: 0.006802 seconds.
  path: Assets/Assets3D/Low-Poly Medieval Market/Prefabs/section_03.prefab
  artifactKey: Guid(2fae3373bd8c2a44ba7afa3ba44e47b4) Importer(815301076,1909f56bfc062723c751e8b465ee728b)
Start importing Assets/Assets3D/Low-Poly Medieval Market/Prefabs/section_03.prefab using Guid(2fae3373bd8c2a44ba7afa3ba44e47b4) Importer(815301076,1909f56bfc062723c751e8b465ee728b) (PreviewImporter) -> (artifact id: '7856670479970b24b177ad4ba0262826') in 0.0097798 seconds
Number of updated asset objects reloaded before import = 0Number of asset objects unloaded after import = 9

========================================================================
Received Import Request.
  Time since last request: 0.000016 seconds.
  path: Assets/Assets3D/Low-Poly Medieval Market/Prefabs/section_06.prefab
  artifactKey: Guid(b5143ad07080ff841b5a6b60c1c0e1db) Importer(815301076,1909f56bfc062723c751e8b465ee728b)
Start importing Assets/Assets3D/Low-Poly Medieval Market/Prefabs/section_06.prefab using Guid(b5143ad07080ff841b5a6b60c1c0e1db) Importer(815301076,1909f56bfc062723c751e8b465ee728b) (PreviewImporter) -> (artifact id: 'a5d13b8b8e6a16fa3d98aa66f7b18738') in 0.0149567 seconds
Number of updated asset objects reloaded before import = 0Number of asset objects unloaded after import = 9

========================================================================
Received Import Request.
  Time since last request: 0.187754 seconds.
  path: Assets/Assets3D/Low-Poly Medieval Market/Prefabs/stand_02.prefab
  artifactKey: Guid(1cfe0aebf2d528e41a25542addfe8364) Importer(815301076,1909f56bfc062723c751e8b465ee728b)
Start importing Assets/Assets3D/Low-Poly Medieval Market/Prefabs/stand_02.prefab using Guid(1cfe0aebf2d528e41a25542addfe8364) Importer(815301076,1909f56bfc062723c751e8b465ee728b) (PreviewImporter) -> (artifact id: 'be4fcaf417684baa387bf2891a47bb4e') in 0.0280812 seconds
Number of updated asset objects reloaded before import = 0Number of asset objects unloaded after import = 197

========================================================================
Received Import Request.
  Time since last request: 0.000014 seconds.
  path: Assets/Assets3D/Low-Poly Medieval Market/Prefabs/table_01.prefab
  artifactKey: Guid(c9d6f1f953461324e8292a881aca9254) Importer(815301076,1909f56bfc062723c751e8b465ee728b)
Start importing Assets/Assets3D/Low-Poly Medieval Market/Prefabs/table_01.prefab using Guid(c9d6f1f953461324e8292a881aca9254) Importer(815301076,1909f56bfc062723c751e8b465ee728b) (PreviewImporter) -> (artifact id: '0d15f3023facbdd77200123182162c11') in 0.0100584 seconds
Number of updated asset objects reloaded before import = 0Number of asset objects unloaded after import = 9

========================================================================
Received Import Request.
  Time since last request: 0.000011 seconds.
  path: Assets/Assets3D/Low-Poly Medieval Market/Prefabs/VegetableMarket.prefab
  artifactKey: Guid(f4b5311c4144f604eb483b849c8e96c9) Importer(815301076,1909f56bfc062723c751e8b465ee728b)
Start importing Assets/Assets3D/Low-Poly Medieval Market/Prefabs/VegetableMarket.prefab using Guid(f4b5311c4144f604eb483b849c8e96c9) Importer(815301076,1909f56bfc062723c751e8b465ee728b) (PreviewImporter) -> (artifact id: 'eb7af3203f7aaed97bf3c782d0fc5ddc') in 0.010182 seconds
Number of updated asset objects reloaded before import = 0Number of asset objects unloaded after import = 9

========================================================================
Received Import Request.
  Time since last request: 0.000015 seconds.
  path: Assets/Assets3D/Low-Poly Medieval Market/Prefabs/wall_axes.prefab
  artifactKey: Guid(a5ac0ea15b990ca45b36fec1464a9f2f) Importer(815301076,1909f56bfc062723c751e8b465ee728b)
Start importing Assets/Assets3D/Low-Poly Medieval Market/Prefabs/wall_axes.prefab using Guid(a5ac0ea15b990ca45b36fec1464a9f2f) Importer(815301076,1909f56bfc062723c751e8b465ee728b) (PreviewImporter) -> (artifact id: '1d35290ffb35a47dcf3fd5a4416226e0') in 0.0144835 seconds
Number of updated asset objects reloaded before import = 0Number of asset objects unloaded after import = 20

========================================================================
Received Import Request.
  Time since last request: 0.188464 seconds.
  path: Assets/Assets3D/Low-Poly Medieval Market/Prefabs/Weapon_Market_with_objects.prefab
  artifactKey: Guid(6eef9e580c001db45934a1ce61d95a7b) Importer(815301076,1909f56bfc062723c751e8b465ee728b)
Start importing Assets/Assets3D/Low-Poly Medieval Market/Prefabs/Weapon_Market_with_objects.prefab using Guid(6eef9e580c001db45934a1ce61d95a7b) Importer(815301076,1909f56bfc062723c751e8b465ee728b) (PreviewImporter) -> (artifact id: '96d6803abe0672925c40aee27a8c7f61') in 0.0380295 seconds
Number of updated asset objects reloaded before import = 0Number of asset objects unloaded after import = 530

========================================================================
Received Import Request.
  Time since last request: 0.000014 seconds.
  path: Assets/Assets3D/Low-Poly Medieval Market/Prefabs/wooden_bowl_01.prefab
  artifactKey: Guid(3be4f1eccf329f241a51b9fc1dce06be) Importer(815301076,1909f56bfc062723c751e8b465ee728b)
Start importing Assets/Assets3D/Low-Poly Medieval Market/Prefabs/wooden_bowl_01.prefab using Guid(3be4f1eccf329f241a51b9fc1dce06be) Importer(815301076,1909f56bfc062723c751e8b465ee728b) (PreviewImporter) -> (artifact id: 'd6e1e1af418e87366936006125801855') in 0.0109901 seconds
Number of updated asset objects reloaded before import = 0Number of asset objects unloaded after import = 9

========================================================================
Received Import Request.
  Time since last request: 2.838223 seconds.
  path: Assets/Assets3D/Low-Poly Medieval Market/Prefabs/Armor/armor_shoulder_pad_left.prefab
  artifactKey: Guid(10e8cf21e9b399041a71d0e64c904b32) Importer(815301076,1909f56bfc062723c751e8b465ee728b)
Start importing Assets/Assets3D/Low-Poly Medieval Market/Prefabs/Armor/armor_shoulder_pad_left.prefab using Guid(10e8cf21e9b399041a71d0e64c904b32) Importer(815301076,1909f56bfc062723c751e8b465ee728b) (PreviewImporter) -> (artifact id: '9a80e25e1953b7d4d1d9bb092e0b050e') in 0.0229595 seconds
Number of updated asset objects reloaded before import = 0Number of asset objects unloaded after import = 9

========================================================================
Received Import Request.
  Time since last request: 0.000020 seconds.
  path: Assets/Assets3D/Low-Poly Medieval Market/Prefabs/Armor/helmet_visor_solo.prefab
  artifactKey: Guid(9184adcc3e6a26d469539042e806b4c3) Importer(815301076,1909f56bfc062723c751e8b465ee728b)
Start importing Assets/Assets3D/Low-Poly Medieval Market/Prefabs/Armor/helmet_visor_solo.prefab using Guid(9184adcc3e6a26d469539042e806b4c3) Importer(815301076,1909f56bfc062723c751e8b465ee728b) (PreviewImporter) -> (artifact id: '1febd866872d2fd92b5fe23004c66f4b') in 0.0139089 seconds
Number of updated asset objects reloaded before import = 0Number of asset objects unloaded after import = 11

========================================================================
Received Import Request.
  Time since last request: 1.646029 seconds.
  path: Assets/Assets3D/Low-Poly Medieval Market/Prefabs/Environment/fence_circle_01.prefab
  artifactKey: Guid(dcff8628b1c734747a290d43987dcbad) Importer(815301076,1909f56bfc062723c751e8b465ee728b)
Start importing Assets/Assets3D/Low-Poly Medieval Market/Prefabs/Environment/fence_circle_01.prefab using Guid(dcff8628b1c734747a290d43987dcbad) Importer(815301076,1909f56bfc062723c751e8b465ee728b) (PreviewImporter) -> (artifact id: '4c11f30d0f790b5e004400a6a8fd59d7') in 0.0094587 seconds
Number of updated asset objects reloaded before import = 0Number of asset objects unloaded after import = 41

========================================================================
Received Import Request.
  Time since last request: 0.000017 seconds.
  path: Assets/Assets3D/Low-Poly Medieval Market/Prefabs/Environment/stone_fence_03.prefab
  artifactKey: Guid(7ae44cce9c551704984deac91f767c88) Importer(815301076,1909f56bfc062723c751e8b465ee728b)
Start importing Assets/Assets3D/Low-Poly Medieval Market/Prefabs/Environment/stone_fence_03.prefab using Guid(7ae44cce9c551704984deac91f767c88) Importer(815301076,1909f56bfc062723c751e8b465ee728b) (PreviewImporter) -> (artifact id: '1d8c1b0111431e1ef7db5a792dda1560') in 0.0082038 seconds
Number of updated asset objects reloaded before import = 0Number of asset objects unloaded after import = 10

========================================================================
Received Import Request.
  Time since last request: 0.000012 seconds.
  path: Assets/Assets3D/Low-Poly Medieval Market/Prefabs/Environment/tree_02.prefab
  artifactKey: Guid(ea1d9040b339d034abaa12dd47062386) Importer(815301076,1909f56bfc062723c751e8b465ee728b)
Start importing Assets/Assets3D/Low-Poly Medieval Market/Prefabs/Environment/tree_02.prefab using Guid(ea1d9040b339d034abaa12dd47062386) Importer(815301076,1909f56bfc062723c751e8b465ee728b) (PreviewImporter) -> (artifact id: '50f397c447345d3abfdf46227afef852') in 0.0071444 seconds
Number of updated asset objects reloaded before import = 0Number of asset objects unloaded after import = 10

========================================================================
Received Import Request.
  Time since last request: 0.000015 seconds.
  path: Assets/Assets3D/Low-Poly Medieval Market/Prefabs/Environment/grass_02.prefab
  artifactKey: Guid(88b403a665be9744f971d6bc4e878f0e) Importer(815301076,1909f56bfc062723c751e8b465ee728b)
Start importing Assets/Assets3D/Low-Poly Medieval Market/Prefabs/Environment/grass_02.prefab using Guid(88b403a665be9744f971d6bc4e878f0e) Importer(815301076,1909f56bfc062723c751e8b465ee728b) (PreviewImporter) -> (artifact id: '917c0a081ab50ed3680d0a7873eada38') in 0.0056668 seconds
Number of updated asset objects reloaded before import = 0Number of asset objects unloaded after import = 10

========================================================================
Received Import Request.
  Time since last request: 0.000022 seconds.
  path: Assets/Assets3D/Low-Poly Medieval Market/Prefabs/Environment/stone_fence_02.prefab
  artifactKey: Guid(7a529b20e0299d54e8a27a8499ab7f81) Importer(815301076,1909f56bfc062723c751e8b465ee728b)
Start importing Assets/Assets3D/Low-Poly Medieval Market/Prefabs/Environment/stone_fence_02.prefab using Guid(7a529b20e0299d54e8a27a8499ab7f81) Importer(815301076,1909f56bfc062723c751e8b465ee728b) (PreviewImporter) -> (artifact id: '45b1e124bbbb5c1a5f302d203ca18d05') in 0.005702 seconds
Number of updated asset objects reloaded before import = 0Number of asset objects unloaded after import = 10

========================================================================
Received Import Request.
  Time since last request: 3.168985 seconds.
  path: Assets/Assets3D/Low-Poly Medieval Market/Prefabs/Environment/fence_circle_01.prefab
  artifactKey: Guid(dcff8628b1c734747a290d43987dcbad) Importer(815301076,1909f56bfc062723c751e8b465ee728b)
Start importing Assets/Assets3D/Low-Poly Medieval Market/Prefabs/Environment/fence_circle_01.prefab using Guid(dcff8628b1c734747a290d43987dcbad) Importer(815301076,1909f56bfc062723c751e8b465ee728b) (PreviewImporter) -> (artifact id: '9b9eaa179fc57f7c25e62260089cb86c') in 0.0089753 seconds
Number of updated asset objects reloaded before import = 0Number of asset objects unloaded after import = 40

========================================================================
Received Import Request.
  Time since last request: 0.000012 seconds.
  path: Assets/Assets3D/Low-Poly Medieval Market/Prefabs/Environment/tree_01.prefab
  artifactKey: Guid(b69c35c4f3d673e4f85004d0581f9105) Importer(815301076,1909f56bfc062723c751e8b465ee728b)
Start importing Assets/Assets3D/Low-Poly Medieval Market/Prefabs/Environment/tree_01.prefab using Guid(b69c35c4f3d673e4f85004d0581f9105) Importer(815301076,1909f56bfc062723c751e8b465ee728b) (PreviewImporter) -> (artifact id: 'b3fe6bf9fd4ab04966706a10a7afc331') in 0.0055377 seconds
Number of updated asset objects reloaded before import = 0Number of asset objects unloaded after import = 9

========================================================================
Received Import Request.
  Time since last request: 0.000051 seconds.
  path: Assets/Assets3D/Low-Poly Medieval Market/Prefabs/Environment/grass_03.prefab
  artifactKey: Guid(ffacc465341324446990e4db47402106) Importer(815301076,1909f56bfc062723c751e8b465ee728b)
Start importing Assets/Assets3D/Low-Poly Medieval Market/Prefabs/Environment/grass_03.prefab using Guid(ffacc465341324446990e4db47402106) Importer(815301076,1909f56bfc062723c751e8b465ee728b) (PreviewImporter) -> (artifact id: 'fb0e4ab9743844b5f827f7c3136518a5') in 0.0057441 seconds
Number of updated asset objects reloaded before import = 0Number of asset objects unloaded after import = 10

========================================================================
Received Import Request.
  Time since last request: 0.000011 seconds.
  path: Assets/Assets3D/Low-Poly Medieval Market/Prefabs/Environment/grass_01.prefab
  artifactKey: Guid(31b38e2e572cb2840bb6d968ffe63240) Importer(815301076,1909f56bfc062723c751e8b465ee728b)
Start importing Assets/Assets3D/Low-Poly Medieval Market/Prefabs/Environment/grass_01.prefab using Guid(31b38e2e572cb2840bb6d968ffe63240) Importer(815301076,1909f56bfc062723c751e8b465ee728b) (PreviewImporter) -> (artifact id: '93fa2169f7cc2533d4bd388c752aad08') in 0.0052757 seconds
Number of updated asset objects reloaded before import = 0Number of asset objects unloaded after import = 9

========================================================================
Received Import Request.
  Time since last request: 0.000022 seconds.
  path: Assets/Assets3D/Low-Poly Medieval Market/Prefabs/Environment/trailway_03.prefab
  artifactKey: Guid(10348d885afc4924e9daa5d07655d02e) Importer(815301076,1909f56bfc062723c751e8b465ee728b)
Start importing Assets/Assets3D/Low-Poly Medieval Market/Prefabs/Environment/trailway_03.prefab using Guid(10348d885afc4924e9daa5d07655d02e) Importer(815301076,1909f56bfc062723c751e8b465ee728b) (PreviewImporter) -> (artifact id: 'b4143b5da3af0d2a368433bfa0d4bcc8') in 0.0080888 seconds
Number of updated asset objects reloaded before import = 0Number of asset objects unloaded after import = 9

========================================================================
Received Import Request.
  Time since last request: 9.659122 seconds.
  path: Assets/Assets3D/Low-Poly Medieval Market/Models/average_meat.fbx
  artifactKey: Guid(f1e45e089509d8440a06755a320a2971) Importer(815301076,1909f56bfc062723c751e8b465ee728b)
Start importing Assets/Assets3D/Low-Poly Medieval Market/Models/average_meat.fbx using Guid(f1e45e089509d8440a06755a320a2971) Importer(815301076,1909f56bfc062723c751e8b465ee728b) (PreviewImporter) -> (artifact id: '9d9504f0291873faf9e0e1b956fcf265') in 0.0660184 seconds
Number of updated asset objects reloaded before import = 0Number of asset objects unloaded after import = 7

========================================================================
Received Import Request.
  Time since last request: 0.000013 seconds.
  path: Assets/Assets3D/Low-Poly Medieval Market/Models/basket_02.fbx
  artifactKey: Guid(5eb91d3ec6773934185f75b231bccc4b) Importer(815301076,1909f56bfc062723c751e8b465ee728b)
Start importing Assets/Assets3D/Low-Poly Medieval Market/Models/basket_02.fbx using Guid(5eb91d3ec6773934185f75b231bccc4b) Importer(815301076,1909f56bfc062723c751e8b465ee728b) (PreviewImporter) -> (artifact id: '2c955e0d031f70b59379817971f3ce23') in 0.012324 seconds
Number of updated asset objects reloaded before import = 0Number of asset objects unloaded after import = 7

========================================================================
Received Import Request.
  Time since last request: 0.000030 seconds.
  path: Assets/Assets3D/Low-Poly Medieval Market/Models/banana.fbx
  artifactKey: Guid(c9cc7adf2c20bf143a97dd3f0ab2b1d7) Importer(815301076,1909f56bfc062723c751e8b465ee728b)
Start importing Assets/Assets3D/Low-Poly Medieval Market/Models/banana.fbx using Guid(c9cc7adf2c20bf143a97dd3f0ab2b1d7) Importer(815301076,1909f56bfc062723c751e8b465ee728b) (PreviewImporter) -> (artifact id: '14eba1a1ef72df1439f09739e880a06e') in 0.0125834 seconds
Number of updated asset objects reloaded before import = 0Number of asset objects unloaded after import = 7

========================================================================
Received Import Request.
  Time since last request: 0.000031 seconds.
  path: Assets/Assets3D/Low-Poly Medieval Market/Models/egg_brown.fbx
  artifactKey: Guid(4fdd31f04f1abfa499e3467943c426fc) Importer(815301076,1909f56bfc062723c751e8b465ee728b)
Start importing Assets/Assets3D/Low-Poly Medieval Market/Models/egg_brown.fbx using Guid(4fdd31f04f1abfa499e3467943c426fc) Importer(815301076,1909f56bfc062723c751e8b465ee728b) (PreviewImporter) -> (artifact id: '3c62977505568df55e94d064b1983d5b') in 0.0097385 seconds
Number of updated asset objects reloaded before import = 0Number of asset objects unloaded after import = 7

========================================================================
Received Import Request.
  Time since last request: 0.000010 seconds.
  path: Assets/Assets3D/Low-Poly Medieval Market/Models/candy_jar.fbx
  artifactKey: Guid(103b6a81c9f62a54ca2a3694e37e8029) Importer(815301076,1909f56bfc062723c751e8b465ee728b)
Start importing Assets/Assets3D/Low-Poly Medieval Market/Models/candy_jar.fbx using Guid(103b6a81c9f62a54ca2a3694e37e8029) Importer(815301076,1909f56bfc062723c751e8b465ee728b) (PreviewImporter) -> (artifact id: '7cd3a22e31e7007f1141d76a0dcc720f') in 0.0135988 seconds
Number of updated asset objects reloaded before import = 0Number of asset objects unloaded after import = 7

========================================================================
Received Import Request.
  Time since last request: 2.915784 seconds.
  path: Assets/Assets3D/Low-Poly Medieval Market/Prefabs/Weapons/crossbow.prefab
  artifactKey: Guid(8d5cf3cf8ffea8644b3a44cd6870c703) Importer(815301076,1909f56bfc062723c751e8b465ee728b)
Start importing Assets/Assets3D/Low-Poly Medieval Market/Prefabs/Weapons/crossbow.prefab using Guid(8d5cf3cf8ffea8644b3a44cd6870c703) Importer(815301076,1909f56bfc062723c751e8b465ee728b) (PreviewImporter) -> (artifact id: '5d3fa46d834e24d8724fbf5055ef9b99') in 0.0242271 seconds
Number of updated asset objects reloaded before import = 0Number of asset objects unloaded after import = 26

========================================================================
Received Import Request.
  Time since last request: 0.000013 seconds.
  path: Assets/Assets3D/Low-Poly Medieval Market/Prefabs/Weapons/dagger.prefab
  artifactKey: Guid(0118f73dbd62e9a48a59bb12475c9a5f) Importer(815301076,1909f56bfc062723c751e8b465ee728b)
Start importing Assets/Assets3D/Low-Poly Medieval Market/Prefabs/Weapons/dagger.prefab using Guid(0118f73dbd62e9a48a59bb12475c9a5f) Importer(815301076,1909f56bfc062723c751e8b465ee728b) (PreviewImporter) -> (artifact id: '1fdbb4dea4483460e0388ea8ebf23e24') in 0.0179246 seconds
Number of updated asset objects reloaded before import = 0Number of asset objects unloaded after import = 9

========================================================================
Received Import Request.
  Time since last request: 0.000010 seconds.
  path: Assets/Assets3D/Low-Poly Medieval Market/Prefabs/Weapons/spear.prefab
  artifactKey: Guid(c64b2f9a2c80825418e67c7593456e1b) Importer(815301076,1909f56bfc062723c751e8b465ee728b)
Start importing Assets/Assets3D/Low-Poly Medieval Market/Prefabs/Weapons/spear.prefab using Guid(c64b2f9a2c80825418e67c7593456e1b) Importer(815301076,1909f56bfc062723c751e8b465ee728b) (PreviewImporter) -> (artifact id: '7d1d7107dcf9b29a71b0fc80de5cbaeb') in 0.0177006 seconds
Number of updated asset objects reloaded before import = 0Number of asset objects unloaded after import = 9

========================================================================
Received Import Request.
  Time since last request: 9.440241 seconds.
  path: Packages/com.unity.render-pipelines.universal/Runtime/Materials/Decal.mat
  artifactKey: Guid(31d0dcc6f2dd4e4408d18036a2c93862) Importer(815301076,1909f56bfc062723c751e8b465ee728b)
Start importing Packages/com.unity.render-pipelines.universal/Runtime/Materials/Decal.mat using Guid(31d0dcc6f2dd4e4408d18036a2c93862) Importer(815301076,1909f56bfc062723c751e8b465ee728b) (PreviewImporter) -> (artifact id: 'e47cbc02952e3b27ed06ecf6c796e042') in 0.016721 seconds
Number of updated asset objects reloaded before import = 0Number of asset objects unloaded after import = 2

========================================================================
Received Import Request.
  Time since last request: 0.000010 seconds.
  path: Assets/Assets3D/Customizable Skybox/Stylized Sky/Materials/Morning2.mat
  artifactKey: Guid(5464c15ff9c6ca04cb5790c1773e76fa) Importer(815301076,1909f56bfc062723c751e8b465ee728b)
Start importing Assets/Assets3D/Customizable Skybox/Stylized Sky/Materials/Morning2.mat using Guid(5464c15ff9c6ca04cb5790c1773e76fa) Importer(815301076,1909f56bfc062723c751e8b465ee728b) (PreviewImporter) -> (artifact id: '5881291b08f847f0cfef89ce5da14d42') in 0.004305 seconds
Number of updated asset objects reloaded before import = 0Number of asset objects unloaded after import = 1

========================================================================
Received Import Request.
  Time since last request: 0.000012 seconds.
  path: Packages/com.unity.render-pipelines.universal/Runtime/Materials/SpatialMappingOcclusion.mat
  artifactKey: Guid(b51db210fe78df745a372851b3db949e) Importer(815301076,1909f56bfc062723c751e8b465ee728b)
Start importing Packages/com.unity.render-pipelines.universal/Runtime/Materials/SpatialMappingOcclusion.mat using Guid(b51db210fe78df745a372851b3db949e) Importer(815301076,1909f56bfc062723c751e8b465ee728b) (PreviewImporter) -> (artifact id: '4bc5758fcf17aacd4f1fa6f5c0e95773') in 0.0043854 seconds
Number of updated asset objects reloaded before import = 0Number of asset objects unloaded after import = 1

========================================================================
Received Import Request.
  Time since last request: 0.000020 seconds.
  path: Packages/com.unity.searcher/Editor/Resources/FlatSkin/Font/Roboto-MediumItalic.ttf
  artifactKey: Guid(d93c1bc57fdf1ac4dad1bf04fac05464) Importer(815301076,1909f56bfc062723c751e8b465ee728b)
Start importing Packages/com.unity.searcher/Editor/Resources/FlatSkin/Font/Roboto-MediumItalic.ttf using Guid(d93c1bc57fdf1ac4dad1bf04fac05464) Importer(815301076,1909f56bfc062723c751e8b465ee728b) (PreviewImporter) -> (artifact id: 'db9f3b80c142ca6e79de2a17882aad10') in 0.0162482 seconds
Number of updated asset objects reloaded before import = 0Number of asset objects unloaded after import = 4

========================================================================
Received Import Request.
  Time since last request: 0.000012 seconds.
  path: Packages/com.arongranberg.astar/Drawing/Resources/aline_font.ttf
  artifactKey: Guid(de5743d7052e68e1b968ac7e8398c2f8) Importer(815301076,1909f56bfc062723c751e8b465ee728b)
Start importing Packages/com.arongranberg.astar/Drawing/Resources/aline_font.ttf using Guid(de5743d7052e68e1b968ac7e8398c2f8) Importer(815301076,1909f56bfc062723c751e8b465ee728b) (PreviewImporter) -> (artifact id: 'eb1f26f35effba4031ae0d0a576e3863') in 0.0062063 seconds
Number of updated asset objects reloaded before import = 0Number of asset objects unloaded after import = 4

========================================================================
Received Import Request.
  Time since last request: 0.000010 seconds.
  path: Assets/Plugins/Zenject/OptionalExtras/SampleGame1 (Beginner)/Media/Meshes/Materials/shipdoor.mat
  artifactKey: Guid(02f272d5e8ff508428baf80fadda022a) Importer(815301076,1909f56bfc062723c751e8b465ee728b)
Start importing Assets/Plugins/Zenject/OptionalExtras/SampleGame1 (Beginner)/Media/Meshes/Materials/shipdoor.mat using Guid(02f272d5e8ff508428baf80fadda022a) Importer(815301076,1909f56bfc062723c751e8b465ee728b) (PreviewImporter) -> (artifact id: 'a614e33ac24bdd6bc3d7cf070af4f0c0') in 0.0576086 seconds
Number of updated asset objects reloaded before import = 0Number of asset objects unloaded after import = 1

========================================================================
Received Import Request.
  Time since last request: 0.000042 seconds.
  path: Assets/Assets3D/Customizable Skybox/Materials/pine tree green.mat
  artifactKey: Guid(471bbc61de2af0a47bd80da0aacc49dc) Importer(815301076,1909f56bfc062723c751e8b465ee728b)
Start importing Assets/Assets3D/Customizable Skybox/Materials/pine tree green.mat using Guid(471bbc61de2af0a47bd80da0aacc49dc) Importer(815301076,1909f56bfc062723c751e8b465ee728b) (PreviewImporter) -> (artifact id: '052011e3ab7dc739fe18190807eec59d') in 0.0043357 seconds
Number of updated asset objects reloaded before import = 0Number of asset objects unloaded after import = 1

========================================================================
Received Import Request.
  Time since last request: 0.000012 seconds.
  path: Packages/com.unity.render-pipelines.universal/Shaders/Nature/SpeedTree8_PBRLit.shadergraph
  artifactKey: Guid(9920c1f1781549a46ba081a2a15a16ec) Importer(815301076,1909f56bfc062723c751e8b465ee728b)
Start importing Packages/com.unity.render-pipelines.universal/Shaders/Nature/SpeedTree8_PBRLit.shadergraph using Guid(9920c1f1781549a46ba081a2a15a16ec) Importer(815301076,1909f56bfc062723c751e8b465ee728b) (PreviewImporter) -> (artifact id: '0d1eea10e1ed7042ff2f37e853aa0e23') in 0.0070117 seconds
Number of updated asset objects reloaded before import = 0Number of asset objects unloaded after import = 2

========================================================================
Received Import Request.
  Time since last request: 0.000011 seconds.
  path: Assets/Plugins/Zenject/OptionalExtras/SampleGame1 (Beginner)/Media/Textures/Background/Materials/Free_Shmup_Sprites_Starfield 1.mat
  artifactKey: Guid(f96f18654fcb0a742b51183dab201105) Importer(815301076,1909f56bfc062723c751e8b465ee728b)
Start importing Assets/Plugins/Zenject/OptionalExtras/SampleGame1 (Beginner)/Media/Textures/Background/Materials/Free_Shmup_Sprites_Starfield 1.mat using Guid(f96f18654fcb0a742b51183dab201105) Importer(815301076,1909f56bfc062723c751e8b465ee728b) (PreviewImporter) -> (artifact id: '69afb1774d0ad6f3bcbf181a388c2992') in 0.0672617 seconds
Number of updated asset objects reloaded before import = 0Number of asset objects unloaded after import = 2

========================================================================
Received Import Request.
  Time since last request: 0.000016 seconds.
  path: Packages/com.unity.searcher/Editor/Resources/FlatSkin/Font/Roboto-Bold.ttf
  artifactKey: Guid(3750c318f40cab44a97d3a81beaefeb3) Importer(815301076,1909f56bfc062723c751e8b465ee728b)
Start importing Packages/com.unity.searcher/Editor/Resources/FlatSkin/Font/Roboto-Bold.ttf using Guid(3750c318f40cab44a97d3a81beaefeb3) Importer(815301076,1909f56bfc062723c751e8b465ee728b) (PreviewImporter) -> (artifact id: 'c320f2c52f2ae66d6e7caa1b155447f7') in 0.0074349 seconds
Number of updated asset objects reloaded before import = 0Number of asset objects unloaded after import = 4

========================================================================
Received Import Request.
  Time since last request: 0.000010 seconds.
  path: Assets/Assets3D/Low-Poly Medieval Market/Materials/Environment.mat
  artifactKey: Guid(a291be32ec43ce64d8c49e74fe31d82d) Importer(815301076,1909f56bfc062723c751e8b465ee728b)
Start importing Assets/Assets3D/Low-Poly Medieval Market/Materials/Environment.mat using Guid(a291be32ec43ce64d8c49e74fe31d82d) Importer(815301076,1909f56bfc062723c751e8b465ee728b) (PreviewImporter) -> (artifact id: 'dc869fcea57478894970cd7413bf679d') in 0.0059549 seconds
Number of updated asset objects reloaded before import = 0Number of asset objects unloaded after import = 2

========================================================================
Received Import Request.
  Time since last request: 0.000013 seconds.
  path: Assets/Plugins/Zenject/OptionalExtras/SampleGame1 (Beginner)/Media/Materials/target.mat
  artifactKey: Guid(6337eec4e613a6c44b441bb6b4ffbfa0) Importer(815301076,1909f56bfc062723c751e8b465ee728b)
Start importing Assets/Plugins/Zenject/OptionalExtras/SampleGame1 (Beginner)/Media/Materials/target.mat using Guid(6337eec4e613a6c44b441bb6b4ffbfa0) Importer(815301076,1909f56bfc062723c751e8b465ee728b) (PreviewImporter) -> (artifact id: 'cd4a9c95a13402cd74dc1bf3dd63fdf0') in 0.0045344 seconds
Number of updated asset objects reloaded before import = 0Number of asset objects unloaded after import = 2

========================================================================
Received Import Request.
  Time since last request: 0.000014 seconds.
  path: Assets/Plugins/Zenject/OptionalExtras/SampleGame1 (Beginner)/Media/Imported/Materials/FireA.mat
  artifactKey: Guid(0babe53ca63bb49209164496ab5e4231) Importer(815301076,1909f56bfc062723c751e8b465ee728b)
Start importing Assets/Plugins/Zenject/OptionalExtras/SampleGame1 (Beginner)/Media/Imported/Materials/FireA.mat using Guid(0babe53ca63bb49209164496ab5e4231) Importer(815301076,1909f56bfc062723c751e8b465ee728b) (PreviewImporter) -> (artifact id: '7e918798dcfb45355f061ae9f517a3a6') in 0.0045591 seconds
Number of updated asset objects reloaded before import = 0Number of asset objects unloaded after import = 2

========================================================================
Received Import Request.
  Time since last request: 0.000011 seconds.
  path: Assets/Assets3D/Customizable Skybox/Materials/trunk.mat
  artifactKey: Guid(08c4b67273e724941900639ca93caabc) Importer(815301076,1909f56bfc062723c751e8b465ee728b)
Start importing Assets/Assets3D/Customizable Skybox/Materials/trunk.mat using Guid(08c4b67273e724941900639ca93caabc) Importer(815301076,1909f56bfc062723c751e8b465ee728b) (PreviewImporter) -> (artifact id: 'bf97d5b7e06439ddea56501045e78c12') in 0.0042998 seconds
Number of updated asset objects reloaded before import = 0Number of asset objects unloaded after import = 1

========================================================================
Received Import Request.
  Time since last request: 0.000013 seconds.
  path: Packages/com.unity.dt.app-ui/PackageResources/Fonts/Inter-SemiBold.ttf
  artifactKey: Guid(8c9d11570d1ef4f4cbeb28d1c7e6b763) Importer(815301076,1909f56bfc062723c751e8b465ee728b)
Start importing Packages/com.unity.dt.app-ui/PackageResources/Fonts/Inter-SemiBold.ttf using Guid(8c9d11570d1ef4f4cbeb28d1c7e6b763) Importer(815301076,1909f56bfc062723c751e8b465ee728b) (PreviewImporter) -> (artifact id: '950a5501d0f971dd3aaacaf893e2d11e') in 0.007606 seconds
Number of updated asset objects reloaded before import = 0Number of asset objects unloaded after import = 4

========================================================================
Received Import Request.
  Time since last request: 0.000013 seconds.
  path: Packages/com.unity.render-pipelines.universal/Runtime/Materials/SimpleLit.mat
  artifactKey: Guid(6a1143ee683302f4aa628c052723efc1) Importer(815301076,1909f56bfc062723c751e8b465ee728b)
Start importing Packages/com.unity.render-pipelines.universal/Runtime/Materials/SimpleLit.mat using Guid(6a1143ee683302f4aa628c052723efc1) Importer(815301076,1909f56bfc062723c751e8b465ee728b) (PreviewImporter) -> (artifact id: '0ad35bf8955d1718a7d6f1dc7f1e0865') in 0.0043814 seconds
Number of updated asset objects reloaded before import = 0Number of asset objects unloaded after import = 2

========================================================================
Received Import Request.
  Time since last request: 0.000013 seconds.
  path: Assets/Assets3D/Customizable Skybox/Stylized Sky/Materials/Night1.mat
  artifactKey: Guid(bbe9494f815f3c340956427c884b72a0) Importer(815301076,1909f56bfc062723c751e8b465ee728b)
Start importing Assets/Assets3D/Customizable Skybox/Stylized Sky/Materials/Night1.mat using Guid(bbe9494f815f3c340956427c884b72a0) Importer(815301076,1909f56bfc062723c751e8b465ee728b) (PreviewImporter) -> (artifact id: '23acac2617f9ca71549ca250fb27f7e7') in 0.0043598 seconds
Number of updated asset objects reloaded before import = 0Number of asset objects unloaded after import = 1

========================================================================
Received Import Request.
  Time since last request: 0.000014 seconds.
  path: Packages/com.unity.searcher/Editor/Resources/FlatSkin/Font/Roboto-Regular.ttf
  artifactKey: Guid(30dc370b164eefc43b95744fc796dad0) Importer(815301076,1909f56bfc062723c751e8b465ee728b)
Start importing Packages/com.unity.searcher/Editor/Resources/FlatSkin/Font/Roboto-Regular.ttf using Guid(30dc370b164eefc43b95744fc796dad0) Importer(815301076,1909f56bfc062723c751e8b465ee728b) (PreviewImporter) -> (artifact id: '24e263fba018394e821e1f197d8dcb04') in 0.0061431 seconds
Number of updated asset objects reloaded before import = 0Number of asset objects unloaded after import = 4

========================================================================
Received Import Request.
  Time since last request: 0.000013 seconds.
  path: Packages/com.unity.entities/Unity.Scenes.Hybrid.Tests/Test.mat
  artifactKey: Guid(edb5bfe54738c4e58941b910ae835274) Importer(815301076,1909f56bfc062723c751e8b465ee728b)
Start importing Packages/com.unity.entities/Unity.Scenes.Hybrid.Tests/Test.mat using Guid(edb5bfe54738c4e58941b910ae835274) Importer(815301076,1909f56bfc062723c751e8b465ee728b) (PreviewImporter) -> (artifact id: '31d4e194e9e23c20d9539f8879e8a59a') in 0.00476 seconds
Number of updated asset objects reloaded before import = 0Number of asset objects unloaded after import = 2

========================================================================
Received Import Request.
  Time since last request: 0.000019 seconds.
  path: Assets/Assets3D/Customizable Skybox/Stylized Sky/Materials/Sunset1.mat
  artifactKey: Guid(2441c79940171dc43b33badf9fe97828) Importer(815301076,1909f56bfc062723c751e8b465ee728b)
Start importing Assets/Assets3D/Customizable Skybox/Stylized Sky/Materials/Sunset1.mat using Guid(2441c79940171dc43b33badf9fe97828) Importer(815301076,1909f56bfc062723c751e8b465ee728b) (PreviewImporter) -> (artifact id: '24cab91e809ad421b0c76c4a4f05501f') in 0.0047208 seconds
Number of updated asset objects reloaded before import = 0Number of asset objects unloaded after import = 1

========================================================================
Received Import Request.
  Time since last request: 0.000016 seconds.
  path: Assets/Assets3D/Customizable Skybox/Stylized Sky/Materials/Night4.mat
  artifactKey: Guid(ed1387202b1349540a5d6464f0f27488) Importer(815301076,1909f56bfc062723c751e8b465ee728b)
Start importing Assets/Assets3D/Customizable Skybox/Stylized Sky/Materials/Night4.mat using Guid(ed1387202b1349540a5d6464f0f27488) Importer(815301076,1909f56bfc062723c751e8b465ee728b) (PreviewImporter) -> (artifact id: 'e84c54add9d785e61709fb37f2a6d338') in 0.0042012 seconds
Number of updated asset objects reloaded before import = 0Number of asset objects unloaded after import = 1

========================================================================
Received Import Request.
  Time since last request: 0.000013 seconds.
  path: Assets/Assets3D/Customizable Skybox/Model/Materials/green tree.mat
  artifactKey: Guid(c856162727dc18842bc191504f727456) Importer(815301076,1909f56bfc062723c751e8b465ee728b)
Start importing Assets/Assets3D/Customizable Skybox/Model/Materials/green tree.mat using Guid(c856162727dc18842bc191504f727456) Importer(815301076,1909f56bfc062723c751e8b465ee728b) (PreviewImporter) -> (artifact id: 'a6c70d507fcc4c0fac05c4c92a4f28e4') in 0.0041219 seconds
Number of updated asset objects reloaded before import = 0Number of asset objects unloaded after import = 1

========================================================================
Received Import Request.
  Time since last request: 0.000015 seconds.
  path: Assets/Assets3D/Customizable Skybox/Stylized Sky/Materials/Morning1.mat
  artifactKey: Guid(8fc56946a1b593c4d8e3e0e94483338e) Importer(815301076,1909f56bfc062723c751e8b465ee728b)
Start importing Assets/Assets3D/Customizable Skybox/Stylized Sky/Materials/Morning1.mat using Guid(8fc56946a1b593c4d8e3e0e94483338e) Importer(815301076,1909f56bfc062723c751e8b465ee728b) (PreviewImporter) -> (artifact id: '8968a8440f2a62e13382b0ed49534035') in 0.0041949 seconds
Number of updated asset objects reloaded before import = 0Number of asset objects unloaded after import = 1

========================================================================
Received Import Request.
  Time since last request: 0.000013 seconds.
  path: Packages/com.unity.dt.app-ui/PackageResources/Styles/Themes/App UI - Dark - Large.tss
  artifactKey: Guid(efea17ac46f1455b8a0fef95880b85be) Importer(815301076,1909f56bfc062723c751e8b465ee728b)
Start importing Packages/com.unity.dt.app-ui/PackageResources/Styles/Themes/App UI - Dark - Large.tss using Guid(efea17ac46f1455b8a0fef95880b85be) Importer(815301076,1909f56bfc062723c751e8b465ee728b) (PreviewImporter) -> (artifact id: '1f756143c8e4d8875908de9e64326cf7') in 0.1071515 seconds
Number of updated asset objects reloaded before import = 0Number of asset objects unloaded after import = 170

========================================================================
Received Import Request.
  Time since last request: 15.293435 seconds.
  path: Assets/Assets3D/Low-Poly Medieval Market/Prefabs/Fruits and vegetables/banana.prefab
  artifactKey: Guid(7b7a60980f07021488b8f2c94a96f93c) Importer(815301076,1909f56bfc062723c751e8b465ee728b)
Start importing Assets/Assets3D/Low-Poly Medieval Market/Prefabs/Fruits and vegetables/banana.prefab using Guid(7b7a60980f07021488b8f2c94a96f93c) Importer(815301076,1909f56bfc062723c751e8b465ee728b) (PreviewImporter) -> (artifact id: 'b771b57d310f3cc3cd59043ef0db4a91') in 0.0282633 seconds
Number of updated asset objects reloaded before import = 0Number of asset objects unloaded after import = 9

========================================================================
Received Import Request.
  Time since last request: 0.000011 seconds.
  path: Assets/Assets3D/Low-Poly Medieval Market/Prefabs/Fruits and vegetables/bananas.prefab
  artifactKey: Guid(2aea14354031de945a8280e4486ef3af) Importer(815301076,1909f56bfc062723c751e8b465ee728b)
Start importing Assets/Assets3D/Low-Poly Medieval Market/Prefabs/Fruits and vegetables/bananas.prefab using Guid(2aea14354031de945a8280e4486ef3af) Importer(815301076,1909f56bfc062723c751e8b465ee728b) (PreviewImporter) -> (artifact id: '9effcc16f2abebc24db83a975fd099f4') in 0.0211841 seconds
Number of updated asset objects reloaded before import = 0Number of asset objects unloaded after import = 48

Editor requested this worker to shutdown with reason: Scaling down because of idle timeout
AssetImportWorker is now disconnected from the server
Process exiting
Exiting without the bug reporter. Application will terminate with return code 0